0 info it worked if it ends with ok
1 verbose cli [ '/usr/local/bin/node',
1 verbose cli   '/usr/local/bin/npm',
1 verbose cli   'install',
1 verbose cli   'mongoose' ]
2 info using npm@3.8.3
3 info using node@v5.10.1
4 silly loadCurrentTree Starting
5 silly install loadCurrentTree
6 silly install readLocalPackageData
7 silly fetchPackageMetaData mongoose@^4.4.1
8 silly fetchNamedPackageData mongoose
9 silly mapToRegistry name mongoose
10 silly mapToRegistry using default registry
11 silly mapToRegistry registry https://registry.npmjs.org/
12 silly mapToRegistry data Result {
12 silly mapToRegistry   raw: 'mongoose',
12 silly mapToRegistry   scope: null,
12 silly mapToRegistry   name: 'mongoose',
12 silly mapToRegistry   rawSpec: '',
12 silly mapToRegistry   spec: 'latest',
12 silly mapToRegistry   type: 'tag' }
13 silly mapToRegistry uri https://registry.npmjs.org/mongoose
14 verbose request uri https://registry.npmjs.org/mongoose
15 verbose request no auth needed
16 info attempt registry request try #1 at 13:55:06
17 verbose request id 70783190b111f362
18 verbose etag "BLSNRTP586LW3MPPOR0NW6627"
19 http request GET https://registry.npmjs.org/mongoose
20 http 304 https://registry.npmjs.org/mongoose
21 verbose headers { date: 'Mon, 02 May 2016 11:55:07 GMT',
21 verbose headers   via: '1.1 varnish',
21 verbose headers   'cache-control': 'max-age=300',
21 verbose headers   etag: '"BLSNRTP586LW3MPPOR0NW6627"',
21 verbose headers   age: '4',
21 verbose headers   connection: 'keep-alive',
21 verbose headers   'x-served-by': 'cache-fra1247-FRA',
21 verbose headers   'x-cache': 'HIT',
21 verbose headers   'x-cache-hits': '1',
21 verbose headers   'x-timer': 'S1462190107.894881,VS0,VE6',
21 verbose headers   vary: 'Accept-Encoding' }
22 silly get cb [ 304,
22 silly get   { date: 'Mon, 02 May 2016 11:55:07 GMT',
22 silly get     via: '1.1 varnish',
22 silly get     'cache-control': 'max-age=300',
22 silly get     etag: '"BLSNRTP586LW3MPPOR0NW6627"',
22 silly get     age: '4',
22 silly get     connection: 'keep-alive',
22 silly get     'x-served-by': 'cache-fra1247-FRA',
22 silly get     'x-cache': 'HIT',
22 silly get     'x-cache-hits': '1',
22 silly get     'x-timer': 'S1462190107.894881,VS0,VE6',
22 silly get     vary: 'Accept-Encoding' } ]
23 verbose etag https://registry.npmjs.org/mongoose from cache
24 verbose get saving mongoose to /Users/Vuko/.npm/registry.npmjs.org/mongoose/.cache.json
25 verbose correctMkdir /Users/Vuko/.npm correctMkdir not in flight; initializing
26 silly install normalizeTree
27 silly loadCurrentTree Finishing
28 silly loadIdealTree Starting
29 silly install loadIdealTree
30 silly cloneCurrentTree Starting
31 silly install cloneCurrentTreeToIdealTree
32 silly cloneCurrentTree Finishing
33 silly loadShrinkwrap Starting
34 silly install loadShrinkwrap
35 silly loadShrinkwrap Finishing
36 silly loadAllDepsIntoIdealTree Starting
37 silly install loadAllDepsIntoIdealTree
38 silly resolveWithNewModule mongoose@4.4.14 checking installable status
39 silly cache add args [ 'mongoose@^4.4.1', null ]
40 verbose cache add spec mongoose@^4.4.1
41 silly cache add parsed spec Result {
41 silly cache add   raw: 'mongoose@^4.4.1',
41 silly cache add   scope: null,
41 silly cache add   name: 'mongoose',
41 silly cache add   rawSpec: '^4.4.1',
41 silly cache add   spec: '>=4.4.1 <5.0.0',
41 silly cache add   type: 'range' }
42 silly addNamed mongoose@>=4.4.1 <5.0.0
43 verbose addNamed ">=4.4.1 <5.0.0" is a valid semver range for mongoose
44 silly addNameRange { name: 'mongoose', range: '>=4.4.1 <5.0.0', hasData: false }
45 silly mapToRegistry name mongoose
46 silly mapToRegistry using default registry
47 silly mapToRegistry registry https://registry.npmjs.org/
48 silly mapToRegistry data Result {
48 silly mapToRegistry   raw: 'mongoose',
48 silly mapToRegistry   scope: null,
48 silly mapToRegistry   name: 'mongoose',
48 silly mapToRegistry   rawSpec: '',
48 silly mapToRegistry   spec: 'latest',
48 silly mapToRegistry   type: 'tag' }
49 silly mapToRegistry uri https://registry.npmjs.org/mongoose
50 verbose addNameRange registry:https://registry.npmjs.org/mongoose not in flight; fetching
51 verbose get https://registry.npmjs.org/mongoose not expired, no request
52 silly addNameRange number 2 { name: 'mongoose', range: '>=4.4.1 <5.0.0', hasData: true }
53 silly addNameRange versions [ 'mongoose',
53 silly addNameRange   [ '0.0.1',
53 silly addNameRange     '0.0.2',
53 silly addNameRange     '0.0.3',
53 silly addNameRange     '0.0.4',
53 silly addNameRange     '0.0.5',
53 silly addNameRange     '1.0.0',
53 silly addNameRange     '1.0.1',
53 silly addNameRange     '1.0.2',
53 silly addNameRange     '0.0.6',
53 silly addNameRange     '1.0.3',
53 silly addNameRange     '1.0.4',
53 silly addNameRange     '1.0.5',
53 silly addNameRange     '1.0.6',
53 silly addNameRange     '1.0.7',
53 silly addNameRange     '1.0.8',
53 silly addNameRange     '1.0.10',
53 silly addNameRange     '1.0.11',
53 silly addNameRange     '1.0.12',
53 silly addNameRange     '1.0.13',
53 silly addNameRange     '1.0.14',
53 silly addNameRange     '1.0.15',
53 silly addNameRange     '1.0.16',
53 silly addNameRange     '1.1.0',
53 silly addNameRange     '1.1.1',
53 silly addNameRange     '1.1.2',
53 silly addNameRange     '1.1.3',
53 silly addNameRange     '1.1.4',
53 silly addNameRange     '1.1.5',
53 silly addNameRange     '1.1.6',
53 silly addNameRange     '1.1.7',
53 silly addNameRange     '1.1.8',
53 silly addNameRange     '1.1.9',
53 silly addNameRange     '1.1.10',
53 silly addNameRange     '1.1.11',
53 silly addNameRange     '1.1.12',
53 silly addNameRange     '1.1.13',
53 silly addNameRange     '1.1.14',
53 silly addNameRange     '1.1.15',
53 silly addNameRange     '1.1.16',
53 silly addNameRange     '1.1.17',
53 silly addNameRange     '1.1.18',
53 silly addNameRange     '1.1.19',
53 silly addNameRange     '1.1.20',
53 silly addNameRange     '1.1.21',
53 silly addNameRange     '1.1.22',
53 silly addNameRange     '1.1.23',
53 silly addNameRange     '1.1.24',
53 silly addNameRange     '1.1.25',
53 silly addNameRange     '1.2.0',
53 silly addNameRange     '1.3.0',
53 silly addNameRange     '1.3.1',
53 silly addNameRange     '1.3.2',
53 silly addNameRange     '1.3.3',
53 silly addNameRange     '1.3.4',
53 silly addNameRange     '1.3.5',
53 silly addNameRange     '1.3.6',
53 silly addNameRange     '1.3.7',
53 silly addNameRange     '1.4.0',
53 silly addNameRange     '1.5.0',
53 silly addNameRange     '1.6.0',
53 silly addNameRange     '1.7.2',
53 silly addNameRange     '1.7.3',
53 silly addNameRange     '1.7.4',
53 silly addNameRange     '1.8.0',
53 silly addNameRange     '1.8.1',
53 silly addNameRange     '1.8.2',
53 silly addNameRange     '1.8.3',
53 silly addNameRange     '1.8.4',
53 silly addNameRange     '2.0.0',
53 silly addNameRange     '2.0.1',
53 silly addNameRange     '2.0.2',
53 silly addNameRange     '2.0.3',
53 silly addNameRange     '2.0.4',
53 silly addNameRange     '2.1.0',
53 silly addNameRange     '2.1.1',
53 silly addNameRange     '2.1.2',
53 silly addNameRange     '2.1.3',
53 silly addNameRange     '2.1.4',
53 silly addNameRange     '2.2.0',
53 silly addNameRange     '2.2.1',
53 silly addNameRange     '2.2.2',
53 silly addNameRange     '2.2.3',
53 silly addNameRange     '2.2.4',
53 silly addNameRange     '2.3.0',
53 silly addNameRange     '2.3.1',
53 silly addNameRange     '2.3.2',
53 silly addNameRange     '2.3.3',
53 silly addNameRange     '2.3.4',
53 silly addNameRange     '2.3.5',
53 silly addNameRange     '2.3.6',
53 silly addNameRange     '2.3.7',
53 silly addNameRange     '2.3.8',
53 silly addNameRange     '2.3.9',
53 silly addNameRange     '2.3.10',
53 silly addNameRange     '2.3.11',
53 silly addNameRange     '2.3.12',
53 silly addNameRange     '2.3.13',
53 silly addNameRange     '2.4.0',
53 silly addNameRange     '2.4.1',
53 silly addNameRange     '2.4.2',
53 silly addNameRange     '2.4.3',
53 silly addNameRange     '2.4.4',
53 silly addNameRange     '2.4.5',
53 silly addNameRange     '2.4.6',
53 silly addNameRange     '2.4.7',
53 silly addNameRange     '2.4.8',
53 silly addNameRange     '2.4.9',
53 silly addNameRange     '2.4.10',
53 silly addNameRange     '2.5.0',
53 silly addNameRange     '2.5.1',
53 silly addNameRange     '2.5.2',
53 silly addNameRange     '2.5.3',
53 silly addNameRange     '2.5.4',
53 silly addNameRange     '2.5.5',
53 silly addNameRange     '2.5.6',
53 silly addNameRange     '2.5.7',
53 silly addNameRange     '2.5.8',
53 silly addNameRange     '2.5.9',
53 silly addNameRange     '2.5.10',
53 silly addNameRange     '2.5.11',
53 silly addNameRange     '2.5.12',
53 silly addNameRange     '2.5.13',
53 silly addNameRange     '2.5.14',
53 silly addNameRange     '2.6.0',
53 silly addNameRange     '2.6.1',
53 silly addNameRange     '2.6.2',
53 silly addNameRange     '2.6.3',
53 silly addNameRange     '2.6.4',
53 silly addNameRange     '2.6.5',
53 silly addNameRange     '2.6.6',
53 silly addNameRange     '2.6.7',
53 silly addNameRange     '2.6.8',
53 silly addNameRange     '2.7.0',
53 silly addNameRange     '2.7.1',
53 silly addNameRange     '2.7.2',
53 silly addNameRange     '2.7.4',
53 silly addNameRange     '2.7.3',
53 silly addNameRange     '3.0.0',
53 silly addNameRange     '3.0.1',
53 silly addNameRange     '3.0.2',
53 silly addNameRange     '2.8.0',
53 silly addNameRange     '3.0.3',
53 silly addNameRange     '3.1.0',
53 silly addNameRange     '2.8.1',
53 silly addNameRange     '3.1.1',
53 silly addNameRange     '2.8.2',
53 silly addNameRange     '2.8.3',
53 silly addNameRange     '2.9.0',
53 silly addNameRange     '3.2.0',
53 silly addNameRange     '2.9.1',
53 silly addNameRange     '3.2.1',
53 silly addNameRange     '2.9.2',
53 silly addNameRange     '3.2.2',
53 silly addNameRange     '3.3.0',
53 silly addNameRange     '3.3.1',
53 silly addNameRange     '2.9.3',
53 silly addNameRange     '3.4.0',
53 silly addNameRange     '2.9.4',
53 silly addNameRange     '2.9.5',
53 silly addNameRange     '3.5.0',
53 silly addNameRange     '3.5.1',
53 silly addNameRange     '3.5.2',
53 silly addNameRange     '3.5.3',
53 silly addNameRange     '2.9.6',
53 silly addNameRange     '2.9.7',
53 silly addNameRange     '3.5.4',
53 silly addNameRange     '3.5.5',
53 silly addNameRange     '2.9.8',
53 silly addNameRange     '2.9.9',
53 silly addNameRange     '3.5.6',
53 silly addNameRange     '3.5.7',
53 silly addNameRange     '3.5.8',
53 silly addNameRange     '2.9.10',
53 silly addNameRange     '3.5.9',
53 silly addNameRange     '3.6.2',
53 silly addNameRange     '3.5.10',
53 silly addNameRange     '3.6.3',
53 silly addNameRange     '3.5.11',
53 silly addNameRange     '3.6.4',
53 silly addNameRange     '3.6.5',
53 silly addNameRange     '3.6.6',
53 silly addNameRange     '3.6.7',
53 silly addNameRange     '3.5.12',
53 silly addNameRange     '3.6.8',
53 silly addNameRange     '3.6.9',
53 silly addNameRange     '3.6.10',
53 silly addNameRange     '3.5.13',
53 silly addNameRange     '3.5.14',
53 silly addNameRange     '3.6.11',
53 silly addNameRange     '3.6.12',
53 silly addNameRange     '3.6.13',
53 silly addNameRange     '3.6.14',
53 silly addNameRange     '3.6.15',
53 silly addNameRange     '3.5.15',
53 silly addNameRange     '3.7.0',
53 silly addNameRange     '3.6.16',
53 silly addNameRange     '3.5.16',
53 silly addNameRange     '3.6.17',
53 silly addNameRange     '3.7.2',
53 silly addNameRange     '3.0.0-alpha1',
53 silly addNameRange     '3.0.0-alpha2',
53 silly addNameRange     '3.0.0-rc0',
53 silly addNameRange     '3.6.0-rc0',
53 silly addNameRange     '3.6.0-rc1',
53 silly addNameRange     '3.6.18',
53 silly addNameRange     '3.7.3',
53 silly addNameRange     '3.6.19',
53 silly addNameRange     '3.6.20',
53 silly addNameRange     '3.7.4',
53 silly addNameRange     '3.8.0',
53 silly addNameRange     '3.8.1',
53 silly addNameRange     '3.8.2',
53 silly addNameRange     '3.8.3',
53 silly addNameRange     '3.8.4',
53 silly addNameRange     '3.8.5',
53 silly addNameRange     '3.8.6',
53 silly addNameRange     '3.8.7',
53 silly addNameRange     '3.8.8',
53 silly addNameRange     '3.8.9',
53 silly addNameRange     '3.8.10',
53 silly addNameRange     '3.8.11',
53 silly addNameRange     '3.9.0',
53 silly addNameRange     '3.8.12',
53 silly addNameRange     '3.8.13',
53 silly addNameRange     '3.8.14',
53 silly addNameRange     '3.8.15',
53 silly addNameRange     '3.9.1',
53 silly addNameRange     '3.8.16',
53 silly addNameRange     '3.9.2',
53 silly addNameRange     '3.8.17',
53 silly addNameRange     '3.9.3',
53 silly addNameRange     '3.8.18',
53 silly addNameRange     '3.9.4',
53 silly addNameRange     '3.8.19',
53 silly addNameRange     '3.9.5',
53 silly addNameRange     '3.8.20',
53 silly addNameRange     '3.9.6',
53 silly addNameRange     '3.8.21',
53 silly addNameRange     '3.9.7',
53 silly addNameRange     '3.8.22',
53 silly addNameRange     '4.0.0-rc0',
53 silly addNameRange     '4.0.0-rc1',
53 silly addNameRange     '3.8.23',
53 silly addNameRange     '4.0.0-rc2',
53 silly addNameRange     '3.8.24',
53 silly addNameRange     '4.0.0-rc3',
53 silly addNameRange     '3.8.25',
53 silly addNameRange     '4.0.0-rc4',
53 silly addNameRange     '4.0.0',
53 silly addNameRange     '4.0.1',
53 silly addNameRange     '3.8.26',
53 silly addNameRange     '3.8.27',
53 silly addNameRange     '4.0.2',
53 silly addNameRange     '3.8.28',
53 silly addNameRange     '4.0.3',
53 silly addNameRange     '3.8.29',
53 silly addNameRange     '4.0.4',
53 silly addNameRange     '3.8.30',
53 silly addNameRange     '4.0.5',
53 silly addNameRange     '3.8.31',
53 silly addNameRange     '4.0.6',
53 silly addNameRange     '3.8.33',
53 silly addNameRange     '4.0.7',
53 silly addNameRange     '3.8.34',
53 silly addNameRange     '4.0.8',
53 silly addNameRange     '4.1.0',
53 silly addNameRange     '4.1.1',
53 silly addNameRange     '4.1.2',
53 silly addNameRange     '3.8.35',
53 silly addNameRange     '4.1.3',
53 silly addNameRange     '4.1.5',
53 silly addNameRange     '4.1.6',
53 silly addNameRange     '4.1.7',
53 silly addNameRange     '4.1.8',
53 silly addNameRange     '4.1.9',
53 silly addNameRange     '4.1.10',
53 silly addNameRange     '4.1.11',
53 silly addNameRange     '3.8.36',
53 silly addNameRange     '4.1.12',
53 silly addNameRange     '4.2.0',
53 silly addNameRange     '4.2.1',
53 silly addNameRange     '4.2.2',
53 silly addNameRange     '4.2.3',
53 silly addNameRange     '4.2.4',
53 silly addNameRange     '4.2.5',
53 silly addNameRange     '3.8.37',
53 silly addNameRange     '4.2.6',
53 silly addNameRange     '4.2.7',
53 silly addNameRange     '4.2.8',
53 silly addNameRange     '4.2.9',
53 silly addNameRange     '4.2.10',
53 silly addNameRange     '4.3.0',
53 silly addNameRange     '4.3.1',
53 silly addNameRange     '4.3.2',
53 silly addNameRange     '4.3.3',
53 silly addNameRange     '4.3.4',
53 silly addNameRange     '3.8.38',
53 silly addNameRange     '4.3.5',
53 silly addNameRange     '4.3.6',
53 silly addNameRange     '3.8.39',
53 silly addNameRange     '4.3.7',
53 silly addNameRange     '4.4.0',
53 silly addNameRange     '4.4.1',
53 silly addNameRange     '4.4.2',
53 silly addNameRange     '4.4.3',
53 silly addNameRange     '4.4.4',
53 silly addNameRange     '4.4.5',
53 silly addNameRange     '4.4.6',
53 silly addNameRange     '4.4.7',
53 silly addNameRange     '4.4.8',
53 silly addNameRange     '4.4.9',
53 silly addNameRange     '4.4.10',
53 silly addNameRange     '4.4.11',
53 silly addNameRange     '4.4.12',
53 silly addNameRange     '4.4.13',
53 silly addNameRange     '3.8.40',
53 silly addNameRange     '4.4.14' ] ]
54 silly addNamed mongoose@4.4.14
55 verbose addNamed "4.4.14" is a plain semver version for mongoose
56 silly mapToRegistry name mongoose
57 silly mapToRegistry using default registry
58 silly mapToRegistry registry https://registry.npmjs.org/
59 silly mapToRegistry data Result {
59 silly mapToRegistry   raw: 'mongoose',
59 silly mapToRegistry   scope: null,
59 silly mapToRegistry   name: 'mongoose',
59 silly mapToRegistry   rawSpec: '',
59 silly mapToRegistry   spec: 'latest',
59 silly mapToRegistry   type: 'tag' }
60 silly mapToRegistry uri https://registry.npmjs.org/mongoose
61 verbose addRemoteTarball https://registry.npmjs.org/mongoose/-/mongoose-4.4.14.tgz not in flight; adding
62 verbose addRemoteTarball [ 'https://registry.npmjs.org/mongoose/-/mongoose-4.4.14.tgz',
62 verbose addRemoteTarball   'eab13e95015531c74bc23387d2df65d9a78280bb' ]
63 info retry fetch attempt 1 at 13:55:07
64 info attempt registry request try #1 at 13:55:07
65 http fetch GET https://registry.npmjs.org/mongoose/-/mongoose-4.4.14.tgz
66 http fetch 200 https://registry.npmjs.org/mongoose/-/mongoose-4.4.14.tgz
67 silly fetchAndShaCheck shasum eab13e95015531c74bc23387d2df65d9a78280bb
68 verbose addTmpTarball /tmp/npm-10769-5602a711/registry.npmjs.org/mongoose/-/mongoose-4.4.14.tgz not in flight; adding
69 verbose addTmpTarball already have metadata; skipping unpack for mongoose@4.4.14
70 verbose correctMkdir /Users/Vuko/.npm correctMkdir not in flight; initializing
71 silly cache afterAdd mongoose@4.4.14
72 verbose afterAdd /Users/Vuko/.npm/mongoose/4.4.14/package/package.json not in flight; writing
73 verbose correctMkdir /Users/Vuko/.npm correctMkdir not in flight; initializing
74 verbose afterAdd /Users/Vuko/.npm/mongoose/4.4.14/package/package.json written
75 silly fetchNamedPackageData async
76 silly mapToRegistry name async
77 silly mapToRegistry using default registry
78 silly mapToRegistry registry https://registry.npmjs.org/
79 silly mapToRegistry data Result {
79 silly mapToRegistry   raw: 'async',
79 silly mapToRegistry   scope: null,
79 silly mapToRegistry   name: 'async',
79 silly mapToRegistry   rawSpec: '',
79 silly mapToRegistry   spec: 'latest',
79 silly mapToRegistry   type: 'tag' }
80 silly mapToRegistry uri https://registry.npmjs.org/async
81 silly fetchNamedPackageData mongodb
82 silly mapToRegistry name mongodb
83 silly mapToRegistry using default registry
84 silly mapToRegistry registry https://registry.npmjs.org/
85 silly mapToRegistry data Result {
85 silly mapToRegistry   raw: 'mongodb',
85 silly mapToRegistry   scope: null,
85 silly mapToRegistry   name: 'mongodb',
85 silly mapToRegistry   rawSpec: '',
85 silly mapToRegistry   spec: 'latest',
85 silly mapToRegistry   type: 'tag' }
86 silly mapToRegistry uri https://registry.npmjs.org/mongodb
87 verbose request uri https://registry.npmjs.org/async
88 verbose request no auth needed
89 info attempt registry request try #1 at 13:55:07
90 verbose etag "D2HGE6VMVV9V8E8QVUF67ZZPU"
91 http request GET https://registry.npmjs.org/async
92 verbose request uri https://registry.npmjs.org/mongodb
93 verbose request no auth needed
94 info attempt registry request try #1 at 13:55:07
95 verbose etag "5MEX6NEVUFOEUSTOYLQB0GWBO"
96 http request GET https://registry.npmjs.org/mongodb
97 http 200 https://registry.npmjs.org/async
98 verbose headers { server: 'CouchDB/1.5.0 (Erlang OTP/R16B03)',
98 verbose headers   etag: '"F1AAF7Q54N294Q9RJDHYZ86GD"',
98 verbose headers   'content-type': 'application/json',
98 verbose headers   'content-encoding': 'gzip',
98 verbose headers   'cache-control': 'max-age=300',
98 verbose headers   'content-length': '35490',
98 verbose headers   'accept-ranges': 'bytes',
98 verbose headers   date: 'Mon, 02 May 2016 11:55:08 GMT',
98 verbose headers   via: '1.1 varnish',
98 verbose headers   age: '73',
98 verbose headers   connection: 'keep-alive',
98 verbose headers   'x-served-by': 'cache-fra1247-FRA',
98 verbose headers   'x-cache': 'HIT',
98 verbose headers   'x-cache-hits': '19',
98 verbose headers   'x-timer': 'S1462190108.345855,VS0,VE0',
98 verbose headers   vary: 'Accept-Encoding' }
99 silly get cb [ 200,
99 silly get   { server: 'CouchDB/1.5.0 (Erlang OTP/R16B03)',
99 silly get     etag: '"F1AAF7Q54N294Q9RJDHYZ86GD"',
99 silly get     'content-type': 'application/json',
99 silly get     'content-encoding': 'gzip',
99 silly get     'cache-control': 'max-age=300',
99 silly get     'content-length': '35490',
99 silly get     'accept-ranges': 'bytes',
99 silly get     date: 'Mon, 02 May 2016 11:55:08 GMT',
99 silly get     via: '1.1 varnish',
99 silly get     age: '73',
99 silly get     connection: 'keep-alive',
99 silly get     'x-served-by': 'cache-fra1247-FRA',
99 silly get     'x-cache': 'HIT',
99 silly get     'x-cache-hits': '19',
99 silly get     'x-timer': 'S1462190108.345855,VS0,VE0',
99 silly get     vary: 'Accept-Encoding' } ]
100 verbose get saving async to /Users/Vuko/.npm/registry.npmjs.org/async/.cache.json
101 verbose correctMkdir /Users/Vuko/.npm correctMkdir not in flight; initializing
102 silly resolveWithNewModule async@1.5.2 checking installable status
103 silly cache add args [ 'async@1.5.2', null ]
104 verbose cache add spec async@1.5.2
105 silly cache add parsed spec Result {
105 silly cache add   raw: 'async@1.5.2',
105 silly cache add   scope: null,
105 silly cache add   name: 'async',
105 silly cache add   rawSpec: '1.5.2',
105 silly cache add   spec: '1.5.2',
105 silly cache add   type: 'version' }
106 silly addNamed async@1.5.2
107 verbose addNamed "1.5.2" is a plain semver version for async
108 silly mapToRegistry name async
109 silly mapToRegistry using default registry
110 silly mapToRegistry registry https://registry.npmjs.org/
111 silly mapToRegistry data Result {
111 silly mapToRegistry   raw: 'async',
111 silly mapToRegistry   scope: null,
111 silly mapToRegistry   name: 'async',
111 silly mapToRegistry   rawSpec: '',
111 silly mapToRegistry   spec: 'latest',
111 silly mapToRegistry   type: 'tag' }
112 silly mapToRegistry uri https://registry.npmjs.org/async
113 verbose addNameVersion registry:https://registry.npmjs.org/async not in flight; fetching
114 verbose get https://registry.npmjs.org/async not expired, no request
115 silly cache afterAdd async@1.5.2
116 verbose afterAdd /Users/Vuko/.npm/async/1.5.2/package/package.json not in flight; writing
117 verbose correctMkdir /Users/Vuko/.npm correctMkdir not in flight; initializing
118 verbose afterAdd /Users/Vuko/.npm/async/1.5.2/package/package.json written
119 http 200 https://registry.npmjs.org/mongodb
120 verbose headers { server: 'CouchDB/1.5.0 (Erlang OTP/R16B03)',
120 verbose headers   etag: '"2H163GEGHWL53NO5UZZ7VHDLF"',
120 verbose headers   'content-type': 'application/json',
120 verbose headers   'cache-control': 'max-age=300',
120 verbose headers   'content-length': '535996',
120 verbose headers   'accept-ranges': 'bytes',
120 verbose headers   date: 'Mon, 02 May 2016 11:55:08 GMT',
120 verbose headers   via: '1.1 varnish',
120 verbose headers   age: '161',
120 verbose headers   connection: 'keep-alive',
120 verbose headers   'x-served-by': 'cache-fra1229-FRA',
120 verbose headers   'x-cache': 'HIT',
120 verbose headers   'x-cache-hits': '3',
120 verbose headers   'x-timer': 'S1462190108.415543,VS0,VE0',
120 verbose headers   vary: 'Accept-Encoding' }
121 silly get cb [ 200,
121 silly get   { server: 'CouchDB/1.5.0 (Erlang OTP/R16B03)',
121 silly get     etag: '"2H163GEGHWL53NO5UZZ7VHDLF"',
121 silly get     'content-type': 'application/json',
121 silly get     'cache-control': 'max-age=300',
121 silly get     'content-length': '535996',
121 silly get     'accept-ranges': 'bytes',
121 silly get     date: 'Mon, 02 May 2016 11:55:08 GMT',
121 silly get     via: '1.1 varnish',
121 silly get     age: '161',
121 silly get     connection: 'keep-alive',
121 silly get     'x-served-by': 'cache-fra1229-FRA',
121 silly get     'x-cache': 'HIT',
121 silly get     'x-cache-hits': '3',
121 silly get     'x-timer': 'S1462190108.415543,VS0,VE0',
121 silly get     vary: 'Accept-Encoding' } ]
122 verbose get saving mongodb to /Users/Vuko/.npm/registry.npmjs.org/mongodb/.cache.json
123 verbose correctMkdir /Users/Vuko/.npm correctMkdir not in flight; initializing
124 silly resolveWithNewModule mongodb@2.1.18 checking installable status
125 silly cache add args [ 'mongodb@2.1.18', null ]
126 verbose cache add spec mongodb@2.1.18
127 silly cache add parsed spec Result {
127 silly cache add   raw: 'mongodb@2.1.18',
127 silly cache add   scope: null,
127 silly cache add   name: 'mongodb',
127 silly cache add   rawSpec: '2.1.18',
127 silly cache add   spec: '2.1.18',
127 silly cache add   type: 'version' }
128 silly addNamed mongodb@2.1.18
129 verbose addNamed "2.1.18" is a plain semver version for mongodb
130 silly mapToRegistry name mongodb
131 silly mapToRegistry using default registry
132 silly mapToRegistry registry https://registry.npmjs.org/
133 silly mapToRegistry data Result {
133 silly mapToRegistry   raw: 'mongodb',
133 silly mapToRegistry   scope: null,
133 silly mapToRegistry   name: 'mongodb',
133 silly mapToRegistry   rawSpec: '',
133 silly mapToRegistry   spec: 'latest',
133 silly mapToRegistry   type: 'tag' }
134 silly mapToRegistry uri https://registry.npmjs.org/mongodb
135 verbose addNameVersion registry:https://registry.npmjs.org/mongodb not in flight; fetching
136 verbose get https://registry.npmjs.org/mongodb not expired, no request
137 silly mapToRegistry name mongodb
138 silly mapToRegistry using default registry
139 silly mapToRegistry registry https://registry.npmjs.org/
140 silly mapToRegistry data Result {
140 silly mapToRegistry   raw: 'mongodb',
140 silly mapToRegistry   scope: null,
140 silly mapToRegistry   name: 'mongodb',
140 silly mapToRegistry   rawSpec: '',
140 silly mapToRegistry   spec: 'latest',
140 silly mapToRegistry   type: 'tag' }
141 silly mapToRegistry uri https://registry.npmjs.org/mongodb
142 verbose addRemoteTarball https://registry.npmjs.org/mongodb/-/mongodb-2.1.18.tgz not in flight; adding
143 verbose addRemoteTarball [ 'https://registry.npmjs.org/mongodb/-/mongodb-2.1.18.tgz',
143 verbose addRemoteTarball   '28d40b515b2be4d5a69ffdd4c535f0df432e4097' ]
144 info retry fetch attempt 1 at 13:55:08
145 info attempt registry request try #1 at 13:55:08
146 http fetch GET https://registry.npmjs.org/mongodb/-/mongodb-2.1.18.tgz
147 http fetch 200 https://registry.npmjs.org/mongodb/-/mongodb-2.1.18.tgz
148 silly fetchAndShaCheck shasum 28d40b515b2be4d5a69ffdd4c535f0df432e4097
149 verbose addTmpTarball /tmp/npm-10769-5602a711/registry.npmjs.org/mongodb/-/mongodb-2.1.18.tgz not in flight; adding
150 verbose addTmpTarball already have metadata; skipping unpack for mongodb@2.1.18
151 verbose correctMkdir /Users/Vuko/.npm correctMkdir not in flight; initializing
152 silly cache afterAdd mongodb@2.1.18
153 verbose afterAdd /Users/Vuko/.npm/mongodb/2.1.18/package/package.json not in flight; writing
154 verbose correctMkdir /Users/Vuko/.npm correctMkdir not in flight; initializing
155 verbose afterAdd /Users/Vuko/.npm/mongodb/2.1.18/package/package.json written
156 silly fetchNamedPackageData mongodb-core
157 silly mapToRegistry name mongodb-core
158 silly mapToRegistry using default registry
159 silly mapToRegistry registry https://registry.npmjs.org/
160 silly mapToRegistry data Result {
160 silly mapToRegistry   raw: 'mongodb-core',
160 silly mapToRegistry   scope: null,
160 silly mapToRegistry   name: 'mongodb-core',
160 silly mapToRegistry   rawSpec: '',
160 silly mapToRegistry   spec: 'latest',
160 silly mapToRegistry   type: 'tag' }
161 silly mapToRegistry uri https://registry.npmjs.org/mongodb-core
162 verbose request uri https://registry.npmjs.org/mongodb-core
163 verbose request no auth needed
164 info attempt registry request try #1 at 13:55:08
165 http request GET https://registry.npmjs.org/mongodb-core
166 http 200 https://registry.npmjs.org/mongodb-core
167 verbose headers { server: 'CouchDB/1.5.0 (Erlang OTP/R16B03)',
167 verbose headers   etag: '"F19STHZC6G8EHRS6PAFJNJF0Q"',
167 verbose headers   'content-type': 'application/json',
167 verbose headers   'cache-control': 'max-age=300',
167 verbose headers   'content-length': '141647',
167 verbose headers   'accept-ranges': 'bytes',
167 verbose headers   date: 'Mon, 02 May 2016 11:55:08 GMT',
167 verbose headers   via: '1.1 varnish',
167 verbose headers   age: '220',
167 verbose headers   connection: 'keep-alive',
167 verbose headers   'x-served-by': 'cache-fra1229-FRA',
167 verbose headers   'x-cache': 'HIT',
167 verbose headers   'x-cache-hits': '1',
167 verbose headers   'x-timer': 'S1462190108.848576,VS0,VE0',
167 verbose headers   vary: 'Accept-Encoding' }
168 silly get cb [ 200,
168 silly get   { server: 'CouchDB/1.5.0 (Erlang OTP/R16B03)',
168 silly get     etag: '"F19STHZC6G8EHRS6PAFJNJF0Q"',
168 silly get     'content-type': 'application/json',
168 silly get     'cache-control': 'max-age=300',
168 silly get     'content-length': '141647',
168 silly get     'accept-ranges': 'bytes',
168 silly get     date: 'Mon, 02 May 2016 11:55:08 GMT',
168 silly get     via: '1.1 varnish',
168 silly get     age: '220',
168 silly get     connection: 'keep-alive',
168 silly get     'x-served-by': 'cache-fra1229-FRA',
168 silly get     'x-cache': 'HIT',
168 silly get     'x-cache-hits': '1',
168 silly get     'x-timer': 'S1462190108.848576,VS0,VE0',
168 silly get     vary: 'Accept-Encoding' } ]
169 verbose get saving mongodb-core to /Users/Vuko/.npm/registry.npmjs.org/mongodb-core/.cache.json
170 verbose correctMkdir /Users/Vuko/.npm correctMkdir not in flight; initializing
171 silly resolveWithNewModule mongodb-core@1.3.18 checking installable status
172 silly cache add args [ 'mongodb-core@1.3.18', null ]
173 verbose cache add spec mongodb-core@1.3.18
174 silly cache add parsed spec Result {
174 silly cache add   raw: 'mongodb-core@1.3.18',
174 silly cache add   scope: null,
174 silly cache add   name: 'mongodb-core',
174 silly cache add   rawSpec: '1.3.18',
174 silly cache add   spec: '1.3.18',
174 silly cache add   type: 'version' }
175 silly addNamed mongodb-core@1.3.18
176 verbose addNamed "1.3.18" is a plain semver version for mongodb-core
177 silly mapToRegistry name mongodb-core
178 silly mapToRegistry using default registry
179 silly mapToRegistry registry https://registry.npmjs.org/
180 silly mapToRegistry data Result {
180 silly mapToRegistry   raw: 'mongodb-core',
180 silly mapToRegistry   scope: null,
180 silly mapToRegistry   name: 'mongodb-core',
180 silly mapToRegistry   rawSpec: '',
180 silly mapToRegistry   spec: 'latest',
180 silly mapToRegistry   type: 'tag' }
181 silly mapToRegistry uri https://registry.npmjs.org/mongodb-core
182 verbose addNameVersion registry:https://registry.npmjs.org/mongodb-core not in flight; fetching
183 verbose get https://registry.npmjs.org/mongodb-core not expired, no request
184 silly mapToRegistry name mongodb-core
185 silly mapToRegistry using default registry
186 silly mapToRegistry registry https://registry.npmjs.org/
187 silly mapToRegistry data Result {
187 silly mapToRegistry   raw: 'mongodb-core',
187 silly mapToRegistry   scope: null,
187 silly mapToRegistry   name: 'mongodb-core',
187 silly mapToRegistry   rawSpec: '',
187 silly mapToRegistry   spec: 'latest',
187 silly mapToRegistry   type: 'tag' }
188 silly mapToRegistry uri https://registry.npmjs.org/mongodb-core
189 verbose addRemoteTarball https://registry.npmjs.org/mongodb-core/-/mongodb-core-1.3.18.tgz not in flight; adding
190 verbose addRemoteTarball [ 'https://registry.npmjs.org/mongodb-core/-/mongodb-core-1.3.18.tgz',
190 verbose addRemoteTarball   '90684b3b7c7356d65ae356391d30b0f248804c7a' ]
191 info retry fetch attempt 1 at 13:55:08
192 info attempt registry request try #1 at 13:55:08
193 http fetch GET https://registry.npmjs.org/mongodb-core/-/mongodb-core-1.3.18.tgz
194 http fetch 200 https://registry.npmjs.org/mongodb-core/-/mongodb-core-1.3.18.tgz
195 silly fetchAndShaCheck shasum 90684b3b7c7356d65ae356391d30b0f248804c7a
196 verbose addTmpTarball /tmp/npm-10769-5602a711/registry.npmjs.org/mongodb-core/-/mongodb-core-1.3.18.tgz not in flight; adding
197 verbose addTmpTarball already have metadata; skipping unpack for mongodb-core@1.3.18
198 verbose correctMkdir /Users/Vuko/.npm correctMkdir not in flight; initializing
199 silly cache afterAdd mongodb-core@1.3.18
200 verbose afterAdd /Users/Vuko/.npm/mongodb-core/1.3.18/package/package.json not in flight; writing
201 verbose correctMkdir /Users/Vuko/.npm correctMkdir not in flight; initializing
202 verbose afterAdd /Users/Vuko/.npm/mongodb-core/1.3.18/package/package.json written
203 silly loadAllDepsIntoIdealTree Finishing
204 silly idealTree:prePrune MT-Backend@0.0.0
204 silly idealTree:prePrune ├── accepts@1.2.13
204 silly idealTree:prePrune ├── acorn-globals@1.0.9
204 silly idealTree:prePrune ├── acorn@2.7.0
204 silly idealTree:prePrune ├── align-text@0.1.4
204 silly idealTree:prePrune ├── amdefine@1.0.0
204 silly idealTree:prePrune ├── ansi-regex@2.0.0
204 silly idealTree:prePrune ├── ansi-styles@2.2.1
204 silly idealTree:prePrune ├── array-flatten@1.1.1
204 silly idealTree:prePrune ├── asap@1.0.0
204 silly idealTree:prePrune ├── async@0.2.10
204 silly idealTree:prePrune ├── base64-url@1.2.1
204 silly idealTree:prePrune ├── basic-auth@1.0.3
204 silly idealTree:prePrune ├── bluebird@2.10.2
204 silly idealTree:prePrune ├── body-parser@1.13.3
204 silly idealTree:prePrune ├── bson@0.4.23
204 silly idealTree:prePrune ├── bytes@2.1.0
204 silly idealTree:prePrune ├── camelcase@1.2.1
204 silly idealTree:prePrune ├── center-align@0.1.3
204 silly idealTree:prePrune ├── chalk@1.1.3
204 silly idealTree:prePrune ├── character-parser@1.2.1
204 silly idealTree:prePrune ├─┬ clean-css@3.4.12
204 silly idealTree:prePrune │ └── commander@2.8.1
204 silly idealTree:prePrune ├─┬ cliui@2.1.0
204 silly idealTree:prePrune │ └── wordwrap@0.0.2
204 silly idealTree:prePrune ├── commander@2.6.0
204 silly idealTree:prePrune ├── connect-flash@0.1.1
204 silly idealTree:prePrune ├── constantinople@3.0.2
204 silly idealTree:prePrune ├── content-disposition@0.5.1
204 silly idealTree:prePrune ├── content-type@1.0.1
204 silly idealTree:prePrune ├── cookie-parser@1.3.5
204 silly idealTree:prePrune ├── cookie-signature@1.0.6
204 silly idealTree:prePrune ├── cookie@0.1.3
204 silly idealTree:prePrune ├── core-util-is@1.0.2
204 silly idealTree:prePrune ├── crc@3.4.0
204 silly idealTree:prePrune ├── css-parse@1.0.4
204 silly idealTree:prePrune ├── css-stringify@1.0.5
204 silly idealTree:prePrune ├── css@1.0.8
204 silly idealTree:prePrune ├── debug@2.2.0
204 silly idealTree:prePrune ├── decamelize@1.2.0
204 silly idealTree:prePrune ├── depd@1.0.1
204 silly idealTree:prePrune ├── destroy@1.0.4
204 silly idealTree:prePrune ├── ee-first@1.1.1
204 silly idealTree:prePrune ├─┬ elasticsearch@10.1.3
204 silly idealTree:prePrune │ └── lodash@3.10.1
204 silly idealTree:prePrune ├── es6-promise@3.0.2
204 silly idealTree:prePrune ├── escape-html@1.0.3
204 silly idealTree:prePrune ├── escape-string-regexp@1.0.5
204 silly idealTree:prePrune ├── etag@1.7.0
204 silly idealTree:prePrune ├─┬ express-session@1.13.0
204 silly idealTree:prePrune │ ├── cookie@0.2.3
204 silly idealTree:prePrune │ └── depd@1.1.0
204 silly idealTree:prePrune ├─┬ express@4.13.4
204 silly idealTree:prePrune │ ├── cookie@0.1.5
204 silly idealTree:prePrune │ └── depd@1.1.0
204 silly idealTree:prePrune ├── finalhandler@0.4.1
204 silly idealTree:prePrune ├── forever-agent@0.6.1
204 silly idealTree:prePrune ├── forwarded@0.1.0
204 silly idealTree:prePrune ├── fresh@0.3.0
204 silly idealTree:prePrune ├── generaterr@1.4.0
204 silly idealTree:prePrune ├── graceful-readlink@1.0.1
204 silly idealTree:prePrune ├── has-ansi@2.0.0
204 silly idealTree:prePrune ├── hooks-fixed@1.1.0
204 silly idealTree:prePrune ├── http-errors@1.3.1
204 silly idealTree:prePrune ├── iconv-lite@0.4.11
204 silly idealTree:prePrune ├── inherits@2.0.1
204 silly idealTree:prePrune ├── ipaddr.js@1.0.5
204 silly idealTree:prePrune ├── is-buffer@1.1.3
204 silly idealTree:prePrune ├── is-promise@2.1.0
204 silly idealTree:prePrune ├── isarray@0.0.1
204 silly idealTree:prePrune ├── jade@1.11.0
204 silly idealTree:prePrune ├── jstransformer@0.0.2
204 silly idealTree:prePrune ├── kareem@1.0.1
204 silly idealTree:prePrune ├── kind-of@3.0.2
204 silly idealTree:prePrune ├── lazy-cache@1.0.3
204 silly idealTree:prePrune ├── lodash-compat@3.10.2
204 silly idealTree:prePrune ├── lodash._baseeach@4.1.2
204 silly idealTree:prePrune ├── lodash._baseiteratee@4.6.1
204 silly idealTree:prePrune ├── lodash._stringtopath@4.7.1
204 silly idealTree:prePrune ├── lodash.foreach@4.2.0
204 silly idealTree:prePrune ├── lodash.get@4.2.1
204 silly idealTree:prePrune ├── lodash@4.11.1
204 silly idealTree:prePrune ├── longest@1.0.1
204 silly idealTree:prePrune ├── media-typer@0.3.0
204 silly idealTree:prePrune ├── merge-descriptors@1.0.1
204 silly idealTree:prePrune ├── methods@1.1.2
204 silly idealTree:prePrune ├── mime-db@1.22.0
204 silly idealTree:prePrune ├── mime-types@2.1.10
204 silly idealTree:prePrune ├── mime@1.3.4
204 silly idealTree:prePrune ├── minimist@0.0.8
204 silly idealTree:prePrune ├── mkdirp@0.5.1
204 silly idealTree:prePrune ├── mongodb-core@1.3.16
204 silly idealTree:prePrune ├── mongodb@2.1.16
204 silly idealTree:prePrune ├── mongoosastic@4.0.2
204 silly idealTree:prePrune ├── mongoose-unique-validator@1.0.2
204 silly idealTree:prePrune ├─┬ mongoose@4.4.14
204 silly idealTree:prePrune │ ├── async@1.5.2
204 silly idealTree:prePrune │ ├── mongodb-core@1.3.18
204 silly idealTree:prePrune │ └── mongodb@2.1.18
204 silly idealTree:prePrune ├── morgan@1.6.1
204 silly idealTree:prePrune ├── mpath@0.2.1
204 silly idealTree:prePrune ├── mpromise@0.5.5
204 silly idealTree:prePrune ├─┬ mquery@1.10.0
204 silly idealTree:prePrune │ └── sliced@0.0.5
204 silly idealTree:prePrune ├── ms@0.7.1
204 silly idealTree:prePrune ├── muri@1.1.0
204 silly idealTree:prePrune ├── negotiator@0.5.3
204 silly idealTree:prePrune ├── on-finished@2.3.0
204 silly idealTree:prePrune ├── on-headers@1.0.1
204 silly idealTree:prePrune ├── optimist@0.3.7
204 silly idealTree:prePrune ├── parseurl@1.3.1
204 silly idealTree:prePrune ├── passport-local-mongoose@4.0.0
204 silly idealTree:prePrune ├── passport-local@1.0.0
204 silly idealTree:prePrune ├── passport-strategy@1.0.0
204 silly idealTree:prePrune ├── passport@0.3.2
204 silly idealTree:prePrune ├── path-to-regexp@0.1.7
204 silly idealTree:prePrune ├── pause@0.0.1
204 silly idealTree:prePrune ├── promise-js@0.0.6
204 silly idealTree:prePrune ├── promise@6.1.0
204 silly idealTree:prePrune ├── proxy-addr@1.0.10
204 silly idealTree:prePrune ├── qs@4.0.0
204 silly idealTree:prePrune ├── range-parser@1.0.3
204 silly idealTree:prePrune ├─┬ raw-body@2.1.6
204 silly idealTree:prePrune │ ├── bytes@2.3.0
204 silly idealTree:prePrune │ └── iconv-lite@0.4.13
204 silly idealTree:prePrune ├── readable-stream@1.0.31
204 silly idealTree:prePrune ├── regexp-clone@0.0.1
204 silly idealTree:prePrune ├── repeat-string@1.5.4
204 silly idealTree:prePrune ├── require_optional@1.0.0
204 silly idealTree:prePrune ├── resolve-from@2.0.0
204 silly idealTree:prePrune ├── right-align@0.1.3
204 silly idealTree:prePrune ├── scmp@1.0.0
204 silly idealTree:prePrune ├── semver@5.1.0
204 silly idealTree:prePrune ├─┬ send@0.13.1
204 silly idealTree:prePrune │ └── depd@1.1.0
204 silly idealTree:prePrune ├── serve-favicon@2.3.0
204 silly idealTree:prePrune ├── serve-static@1.10.2
204 silly idealTree:prePrune ├── sliced@1.0.1
204 silly idealTree:prePrune ├── source-map@0.4.4
204 silly idealTree:prePrune ├── statuses@1.2.1
204 silly idealTree:prePrune ├── string_decoder@0.10.31
204 silly idealTree:prePrune ├── strip-ansi@3.0.1
204 silly idealTree:prePrune ├── supports-color@2.0.0
204 silly idealTree:prePrune ├─┬ transformers@2.1.0
204 silly idealTree:prePrune │ ├── is-promise@1.0.1
204 silly idealTree:prePrune │ ├── promise@2.0.0
204 silly idealTree:prePrune │ ├── source-map@0.1.43
204 silly idealTree:prePrune │ └── uglify-js@2.2.5
204 silly idealTree:prePrune ├── type-is@1.6.12
204 silly idealTree:prePrune ├─┬ uglify-js@2.6.2
204 silly idealTree:prePrune │ └── source-map@0.5.3
204 silly idealTree:prePrune ├── uglify-to-browserify@1.0.2
204 silly idealTree:prePrune ├── uid-safe@2.0.0
204 silly idealTree:prePrune ├── unpipe@1.0.0
204 silly idealTree:prePrune ├── utils-merge@1.0.0
204 silly idealTree:prePrune ├── vary@1.0.1
204 silly idealTree:prePrune ├── void-elements@2.0.1
204 silly idealTree:prePrune ├── window-size@0.1.0
204 silly idealTree:prePrune ├─┬ with@4.0.3
204 silly idealTree:prePrune │ └── acorn@1.2.2
204 silly idealTree:prePrune ├── wordwrap@0.0.3
204 silly idealTree:prePrune └── yargs@3.10.0
205 silly loadIdealTree Finishing
206 silly currentTree MT-Backend@0.0.0
206 silly currentTree ├── accepts@1.2.13
206 silly currentTree ├── acorn-globals@1.0.9
206 silly currentTree ├── acorn@2.7.0
206 silly currentTree ├── align-text@0.1.4
206 silly currentTree ├── amdefine@1.0.0
206 silly currentTree ├── ansi-regex@2.0.0
206 silly currentTree ├── ansi-styles@2.2.1
206 silly currentTree ├── array-flatten@1.1.1
206 silly currentTree ├── asap@1.0.0
206 silly currentTree ├── async@0.2.10
206 silly currentTree ├── base64-url@1.2.1
206 silly currentTree ├── basic-auth@1.0.3
206 silly currentTree ├── bluebird@2.10.2
206 silly currentTree ├── body-parser@1.13.3
206 silly currentTree ├── bson@0.4.23
206 silly currentTree ├── bytes@2.1.0
206 silly currentTree ├── camelcase@1.2.1
206 silly currentTree ├── center-align@0.1.3
206 silly currentTree ├── chalk@1.1.3
206 silly currentTree ├── character-parser@1.2.1
206 silly currentTree ├─┬ clean-css@3.4.12
206 silly currentTree │ └── commander@2.8.1
206 silly currentTree ├─┬ cliui@2.1.0
206 silly currentTree │ └── wordwrap@0.0.2
206 silly currentTree ├── commander@2.6.0
206 silly currentTree ├── connect-flash@0.1.1
206 silly currentTree ├── constantinople@3.0.2
206 silly currentTree ├── content-disposition@0.5.1
206 silly currentTree ├── content-type@1.0.1
206 silly currentTree ├── cookie-parser@1.3.5
206 silly currentTree ├── cookie-signature@1.0.6
206 silly currentTree ├── cookie@0.1.3
206 silly currentTree ├── core-util-is@1.0.2
206 silly currentTree ├── crc@3.4.0
206 silly currentTree ├── css-parse@1.0.4
206 silly currentTree ├── css-stringify@1.0.5
206 silly currentTree ├── css@1.0.8
206 silly currentTree ├── debug@2.2.0
206 silly currentTree ├── decamelize@1.2.0
206 silly currentTree ├── depd@1.0.1
206 silly currentTree ├── destroy@1.0.4
206 silly currentTree ├── ee-first@1.1.1
206 silly currentTree ├─┬ elasticsearch@10.1.3
206 silly currentTree │ └── lodash@3.10.1
206 silly currentTree ├── es6-promise@3.0.2
206 silly currentTree ├── escape-html@1.0.3
206 silly currentTree ├── escape-string-regexp@1.0.5
206 silly currentTree ├── etag@1.7.0
206 silly currentTree ├─┬ express-session@1.13.0
206 silly currentTree │ ├── cookie@0.2.3
206 silly currentTree │ └── depd@1.1.0
206 silly currentTree ├─┬ express@4.13.4
206 silly currentTree │ ├── cookie@0.1.5
206 silly currentTree │ └── depd@1.1.0
206 silly currentTree ├── finalhandler@0.4.1
206 silly currentTree ├── forever-agent@0.6.1
206 silly currentTree ├── forwarded@0.1.0
206 silly currentTree ├── fresh@0.3.0
206 silly currentTree ├── generaterr@1.4.0
206 silly currentTree ├── graceful-readlink@1.0.1
206 silly currentTree ├── has-ansi@2.0.0
206 silly currentTree ├── hooks-fixed@1.1.0
206 silly currentTree ├── http-errors@1.3.1
206 silly currentTree ├── iconv-lite@0.4.11
206 silly currentTree ├── inherits@2.0.1
206 silly currentTree ├── ipaddr.js@1.0.5
206 silly currentTree ├── is-buffer@1.1.3
206 silly currentTree ├── is-promise@2.1.0
206 silly currentTree ├── isarray@0.0.1
206 silly currentTree ├── jade@1.11.0
206 silly currentTree ├── jstransformer@0.0.2
206 silly currentTree ├── kareem@1.0.1
206 silly currentTree ├── kind-of@3.0.2
206 silly currentTree ├── lazy-cache@1.0.3
206 silly currentTree ├── lodash-compat@3.10.2
206 silly currentTree ├── lodash._baseeach@4.1.2
206 silly currentTree ├── lodash._baseiteratee@4.6.1
206 silly currentTree ├── lodash._stringtopath@4.7.1
206 silly currentTree ├── lodash.foreach@4.2.0
206 silly currentTree ├── lodash.get@4.2.1
206 silly currentTree ├── lodash@4.11.1
206 silly currentTree ├── longest@1.0.1
206 silly currentTree ├── media-typer@0.3.0
206 silly currentTree ├── merge-descriptors@1.0.1
206 silly currentTree ├── methods@1.1.2
206 silly currentTree ├── mime-db@1.22.0
206 silly currentTree ├── mime-types@2.1.10
206 silly currentTree ├── mime@1.3.4
206 silly currentTree ├── minimist@0.0.8
206 silly currentTree ├── mkdirp@0.5.1
206 silly currentTree ├── mongodb-core@1.3.16
206 silly currentTree ├── mongodb@2.1.16
206 silly currentTree ├── mongoosastic@4.0.2
206 silly currentTree ├── mongoose-unique-validator@1.0.2
206 silly currentTree ├── morgan@1.6.1
206 silly currentTree ├── mpath@0.2.1
206 silly currentTree ├── mpromise@0.5.5
206 silly currentTree ├─┬ mquery@1.10.0
206 silly currentTree │ └── sliced@0.0.5
206 silly currentTree ├── ms@0.7.1
206 silly currentTree ├── muri@1.1.0
206 silly currentTree ├── negotiator@0.5.3
206 silly currentTree ├── on-finished@2.3.0
206 silly currentTree ├── on-headers@1.0.1
206 silly currentTree ├── optimist@0.3.7
206 silly currentTree ├── parseurl@1.3.1
206 silly currentTree ├── passport-local-mongoose@4.0.0
206 silly currentTree ├── passport-local@1.0.0
206 silly currentTree ├── passport-strategy@1.0.0
206 silly currentTree ├── passport@0.3.2
206 silly currentTree ├── path-to-regexp@0.1.7
206 silly currentTree ├── pause@0.0.1
206 silly currentTree ├── promise-js@0.0.6
206 silly currentTree ├── promise@6.1.0
206 silly currentTree ├── proxy-addr@1.0.10
206 silly currentTree ├── qs@4.0.0
206 silly currentTree ├── range-parser@1.0.3
206 silly currentTree ├─┬ raw-body@2.1.6
206 silly currentTree │ ├── bytes@2.3.0
206 silly currentTree │ └── iconv-lite@0.4.13
206 silly currentTree ├── readable-stream@1.0.31
206 silly currentTree ├── regexp-clone@0.0.1
206 silly currentTree ├── repeat-string@1.5.4
206 silly currentTree ├── require_optional@1.0.0
206 silly currentTree ├── resolve-from@2.0.0
206 silly currentTree ├── right-align@0.1.3
206 silly currentTree ├── scmp@1.0.0
206 silly currentTree ├── semver@5.1.0
206 silly currentTree ├─┬ send@0.13.1
206 silly currentTree │ └── depd@1.1.0
206 silly currentTree ├── serve-favicon@2.3.0
206 silly currentTree ├── serve-static@1.10.2
206 silly currentTree ├── sliced@1.0.1
206 silly currentTree ├── source-map@0.4.4
206 silly currentTree ├── statuses@1.2.1
206 silly currentTree ├── string_decoder@0.10.31
206 silly currentTree ├── strip-ansi@3.0.1
206 silly currentTree ├── supports-color@2.0.0
206 silly currentTree ├─┬ transformers@2.1.0
206 silly currentTree │ ├── is-promise@1.0.1
206 silly currentTree │ ├── promise@2.0.0
206 silly currentTree │ ├── source-map@0.1.43
206 silly currentTree │ └── uglify-js@2.2.5
206 silly currentTree ├── type-is@1.6.12
206 silly currentTree ├─┬ uglify-js@2.6.2
206 silly currentTree │ └── source-map@0.5.3
206 silly currentTree ├── uglify-to-browserify@1.0.2
206 silly currentTree ├── uid-safe@2.0.0
206 silly currentTree ├── unpipe@1.0.0
206 silly currentTree ├── utils-merge@1.0.0
206 silly currentTree ├── vary@1.0.1
206 silly currentTree ├── void-elements@2.0.1
206 silly currentTree ├── window-size@0.1.0
206 silly currentTree ├─┬ with@4.0.3
206 silly currentTree │ └── acorn@1.2.2
206 silly currentTree ├── wordwrap@0.0.3
206 silly currentTree └── yargs@3.10.0
207 silly idealTree MT-Backend@0.0.0
207 silly idealTree ├── accepts@1.2.13
207 silly idealTree ├── acorn-globals@1.0.9
207 silly idealTree ├── acorn@2.7.0
207 silly idealTree ├── align-text@0.1.4
207 silly idealTree ├── amdefine@1.0.0
207 silly idealTree ├── ansi-regex@2.0.0
207 silly idealTree ├── ansi-styles@2.2.1
207 silly idealTree ├── array-flatten@1.1.1
207 silly idealTree ├── asap@1.0.0
207 silly idealTree ├── async@0.2.10
207 silly idealTree ├── base64-url@1.2.1
207 silly idealTree ├── basic-auth@1.0.3
207 silly idealTree ├── bluebird@2.10.2
207 silly idealTree ├── body-parser@1.13.3
207 silly idealTree ├── bson@0.4.23
207 silly idealTree ├── bytes@2.1.0
207 silly idealTree ├── camelcase@1.2.1
207 silly idealTree ├── center-align@0.1.3
207 silly idealTree ├── chalk@1.1.3
207 silly idealTree ├── character-parser@1.2.1
207 silly idealTree ├─┬ clean-css@3.4.12
207 silly idealTree │ └── commander@2.8.1
207 silly idealTree ├─┬ cliui@2.1.0
207 silly idealTree │ └── wordwrap@0.0.2
207 silly idealTree ├── commander@2.6.0
207 silly idealTree ├── connect-flash@0.1.1
207 silly idealTree ├── constantinople@3.0.2
207 silly idealTree ├── content-disposition@0.5.1
207 silly idealTree ├── content-type@1.0.1
207 silly idealTree ├── cookie-parser@1.3.5
207 silly idealTree ├── cookie-signature@1.0.6
207 silly idealTree ├── cookie@0.1.3
207 silly idealTree ├── core-util-is@1.0.2
207 silly idealTree ├── crc@3.4.0
207 silly idealTree ├── css-parse@1.0.4
207 silly idealTree ├── css-stringify@1.0.5
207 silly idealTree ├── css@1.0.8
207 silly idealTree ├── debug@2.2.0
207 silly idealTree ├── decamelize@1.2.0
207 silly idealTree ├── depd@1.0.1
207 silly idealTree ├── destroy@1.0.4
207 silly idealTree ├── ee-first@1.1.1
207 silly idealTree ├─┬ elasticsearch@10.1.3
207 silly idealTree │ └── lodash@3.10.1
207 silly idealTree ├── es6-promise@3.0.2
207 silly idealTree ├── escape-html@1.0.3
207 silly idealTree ├── escape-string-regexp@1.0.5
207 silly idealTree ├── etag@1.7.0
207 silly idealTree ├─┬ express-session@1.13.0
207 silly idealTree │ ├── cookie@0.2.3
207 silly idealTree │ └── depd@1.1.0
207 silly idealTree ├─┬ express@4.13.4
207 silly idealTree │ ├── cookie@0.1.5
207 silly idealTree │ └── depd@1.1.0
207 silly idealTree ├── finalhandler@0.4.1
207 silly idealTree ├── forever-agent@0.6.1
207 silly idealTree ├── forwarded@0.1.0
207 silly idealTree ├── fresh@0.3.0
207 silly idealTree ├── generaterr@1.4.0
207 silly idealTree ├── graceful-readlink@1.0.1
207 silly idealTree ├── has-ansi@2.0.0
207 silly idealTree ├── hooks-fixed@1.1.0
207 silly idealTree ├── http-errors@1.3.1
207 silly idealTree ├── iconv-lite@0.4.11
207 silly idealTree ├── inherits@2.0.1
207 silly idealTree ├── ipaddr.js@1.0.5
207 silly idealTree ├── is-buffer@1.1.3
207 silly idealTree ├── is-promise@2.1.0
207 silly idealTree ├── isarray@0.0.1
207 silly idealTree ├── jade@1.11.0
207 silly idealTree ├── jstransformer@0.0.2
207 silly idealTree ├── kareem@1.0.1
207 silly idealTree ├── kind-of@3.0.2
207 silly idealTree ├── lazy-cache@1.0.3
207 silly idealTree ├── lodash-compat@3.10.2
207 silly idealTree ├── lodash._baseeach@4.1.2
207 silly idealTree ├── lodash._baseiteratee@4.6.1
207 silly idealTree ├── lodash._stringtopath@4.7.1
207 silly idealTree ├── lodash.foreach@4.2.0
207 silly idealTree ├── lodash.get@4.2.1
207 silly idealTree ├── lodash@4.11.1
207 silly idealTree ├── longest@1.0.1
207 silly idealTree ├── media-typer@0.3.0
207 silly idealTree ├── merge-descriptors@1.0.1
207 silly idealTree ├── methods@1.1.2
207 silly idealTree ├── mime-db@1.22.0
207 silly idealTree ├── mime-types@2.1.10
207 silly idealTree ├── mime@1.3.4
207 silly idealTree ├── minimist@0.0.8
207 silly idealTree ├── mkdirp@0.5.1
207 silly idealTree ├── mongodb-core@1.3.16
207 silly idealTree ├── mongodb@2.1.16
207 silly idealTree ├── mongoosastic@4.0.2
207 silly idealTree ├── mongoose-unique-validator@1.0.2
207 silly idealTree ├─┬ mongoose@4.4.14
207 silly idealTree │ ├── async@1.5.2
207 silly idealTree │ ├── mongodb-core@1.3.18
207 silly idealTree │ └── mongodb@2.1.18
207 silly idealTree ├── morgan@1.6.1
207 silly idealTree ├── mpath@0.2.1
207 silly idealTree ├── mpromise@0.5.5
207 silly idealTree ├─┬ mquery@1.10.0
207 silly idealTree │ └── sliced@0.0.5
207 silly idealTree ├── ms@0.7.1
207 silly idealTree ├── muri@1.1.0
207 silly idealTree ├── negotiator@0.5.3
207 silly idealTree ├── on-finished@2.3.0
207 silly idealTree ├── on-headers@1.0.1
207 silly idealTree ├── optimist@0.3.7
207 silly idealTree ├── parseurl@1.3.1
207 silly idealTree ├── passport-local-mongoose@4.0.0
207 silly idealTree ├── passport-local@1.0.0
207 silly idealTree ├── passport-strategy@1.0.0
207 silly idealTree ├── passport@0.3.2
207 silly idealTree ├── path-to-regexp@0.1.7
207 silly idealTree ├── pause@0.0.1
207 silly idealTree ├── promise-js@0.0.6
207 silly idealTree ├── promise@6.1.0
207 silly idealTree ├── proxy-addr@1.0.10
207 silly idealTree ├── qs@4.0.0
207 silly idealTree ├── range-parser@1.0.3
207 silly idealTree ├─┬ raw-body@2.1.6
207 silly idealTree │ ├── bytes@2.3.0
207 silly idealTree │ └── iconv-lite@0.4.13
207 silly idealTree ├── readable-stream@1.0.31
207 silly idealTree ├── regexp-clone@0.0.1
207 silly idealTree ├── repeat-string@1.5.4
207 silly idealTree ├── require_optional@1.0.0
207 silly idealTree ├── resolve-from@2.0.0
207 silly idealTree ├── right-align@0.1.3
207 silly idealTree ├── scmp@1.0.0
207 silly idealTree ├── semver@5.1.0
207 silly idealTree ├─┬ send@0.13.1
207 silly idealTree │ └── depd@1.1.0
207 silly idealTree ├── serve-favicon@2.3.0
207 silly idealTree ├── serve-static@1.10.2
207 silly idealTree ├── sliced@1.0.1
207 silly idealTree ├── source-map@0.4.4
207 silly idealTree ├── statuses@1.2.1
207 silly idealTree ├── string_decoder@0.10.31
207 silly idealTree ├── strip-ansi@3.0.1
207 silly idealTree ├── supports-color@2.0.0
207 silly idealTree ├─┬ transformers@2.1.0
207 silly idealTree │ ├── is-promise@1.0.1
207 silly idealTree │ ├── promise@2.0.0
207 silly idealTree │ ├── source-map@0.1.43
207 silly idealTree │ └── uglify-js@2.2.5
207 silly idealTree ├── type-is@1.6.12
207 silly idealTree ├─┬ uglify-js@2.6.2
207 silly idealTree │ └── source-map@0.5.3
207 silly idealTree ├── uglify-to-browserify@1.0.2
207 silly idealTree ├── uid-safe@2.0.0
207 silly idealTree ├── unpipe@1.0.0
207 silly idealTree ├── utils-merge@1.0.0
207 silly idealTree ├── vary@1.0.1
207 silly idealTree ├── void-elements@2.0.1
207 silly idealTree ├── window-size@0.1.0
207 silly idealTree ├─┬ with@4.0.3
207 silly idealTree │ └── acorn@1.2.2
207 silly idealTree ├── wordwrap@0.0.3
207 silly idealTree └── yargs@3.10.0
208 silly generateActionsToTake Starting
209 silly install generateActionsToTake
210 silly generateActionsToTake Finishing
211 silly diffTrees action count 8
212 silly diffTrees add async@1.5.2
213 silly diffTrees add mongodb-core@1.3.18
214 silly diffTrees add mongodb@2.1.18
215 silly diffTrees update passport-local@1.0.0
216 silly diffTrees add mongoose@4.4.14
217 silly diffTrees update mongoose-unique-validator@1.0.2
218 silly diffTrees update passport@0.3.2
219 silly diffTrees update passport-local-mongoose@4.0.0
220 silly decomposeActions action count 64
221 silly decomposeActions fetch async@1.5.2
222 silly decomposeActions extract async@1.5.2
223 silly decomposeActions test async@1.5.2
224 silly decomposeActions preinstall async@1.5.2
225 silly decomposeActions build async@1.5.2
226 silly decomposeActions install async@1.5.2
227 silly decomposeActions postinstall async@1.5.2
228 silly decomposeActions finalize async@1.5.2
229 silly decomposeActions fetch mongodb-core@1.3.18
230 silly decomposeActions extract mongodb-core@1.3.18
231 silly decomposeActions test mongodb-core@1.3.18
232 silly decomposeActions preinstall mongodb-core@1.3.18
233 silly decomposeActions build mongodb-core@1.3.18
234 silly decomposeActions install mongodb-core@1.3.18
235 silly decomposeActions postinstall mongodb-core@1.3.18
236 silly decomposeActions finalize mongodb-core@1.3.18
237 silly decomposeActions fetch mongodb@2.1.18
238 silly decomposeActions extract mongodb@2.1.18
239 silly decomposeActions test mongodb@2.1.18
240 silly decomposeActions preinstall mongodb@2.1.18
241 silly decomposeActions build mongodb@2.1.18
242 silly decomposeActions install mongodb@2.1.18
243 silly decomposeActions postinstall mongodb@2.1.18
244 silly decomposeActions finalize mongodb@2.1.18
245 silly decomposeActions fetch passport-local@1.0.0
246 silly decomposeActions extract passport-local@1.0.0
247 silly decomposeActions test passport-local@1.0.0
248 silly decomposeActions preinstall passport-local@1.0.0
249 silly decomposeActions build passport-local@1.0.0
250 silly decomposeActions install passport-local@1.0.0
251 silly decomposeActions postinstall passport-local@1.0.0
252 silly decomposeActions finalize passport-local@1.0.0
253 silly decomposeActions fetch mongoose@4.4.14
254 silly decomposeActions extract mongoose@4.4.14
255 silly decomposeActions test mongoose@4.4.14
256 silly decomposeActions preinstall mongoose@4.4.14
257 silly decomposeActions build mongoose@4.4.14
258 silly decomposeActions install mongoose@4.4.14
259 silly decomposeActions postinstall mongoose@4.4.14
260 silly decomposeActions finalize mongoose@4.4.14
261 silly decomposeActions fetch mongoose-unique-validator@1.0.2
262 silly decomposeActions extract mongoose-unique-validator@1.0.2
263 silly decomposeActions test mongoose-unique-validator@1.0.2
264 silly decomposeActions preinstall mongoose-unique-validator@1.0.2
265 silly decomposeActions build mongoose-unique-validator@1.0.2
266 silly decomposeActions install mongoose-unique-validator@1.0.2
267 silly decomposeActions postinstall mongoose-unique-validator@1.0.2
268 silly decomposeActions finalize mongoose-unique-validator@1.0.2
269 silly decomposeActions fetch passport@0.3.2
270 silly decomposeActions extract passport@0.3.2
271 silly decomposeActions test passport@0.3.2
272 silly decomposeActions preinstall passport@0.3.2
273 silly decomposeActions build passport@0.3.2
274 silly decomposeActions install passport@0.3.2
275 silly decomposeActions postinstall passport@0.3.2
276 silly decomposeActions finalize passport@0.3.2
277 silly decomposeActions fetch passport-local-mongoose@4.0.0
278 silly decomposeActions extract passport-local-mongoose@4.0.0
279 silly decomposeActions test passport-local-mongoose@4.0.0
280 silly decomposeActions preinstall passport-local-mongoose@4.0.0
281 silly decomposeActions build passport-local-mongoose@4.0.0
282 silly decomposeActions install passport-local-mongoose@4.0.0
283 silly decomposeActions postinstall passport-local-mongoose@4.0.0
284 silly decomposeActions finalize passport-local-mongoose@4.0.0
285 silly executeActions Starting
286 silly install executeActions
287 silly doSerial global-install 0
288 silly doParallel fetch 8
289 verbose correctMkdir /Users/Vuko/.npm/_locks correctMkdir not in flight; initializing
290 verbose lock using /Users/Vuko/.npm/_locks/staging-7d6f743d79f1975f.lock for /Users/Vuko/MT-Backend/node_modules/.staging
291 silly doParallel extract 8
292 silly extract async@1.5.2
293 silly extract mongodb-core@1.3.18
294 silly extract mongodb@2.1.18
295 silly extract passport-local@1.0.0
296 silly extract mongoose@4.4.14
297 silly extract mongoose-unique-validator@1.0.2
298 silly extract passport@0.3.2
299 silly extract passport-local-mongoose@4.0.0
300 verbose unbuild node_modules/.staging/async-1585b914
301 verbose unbuild node_modules/.staging/mongodb-core-ee3390aa
302 verbose unbuild node_modules/.staging/mongodb-6750eba3
303 verbose unbuild node_modules/.staging/mongoose-0b681753
304 verbose unbuild node_modules/.staging/passport-78b00062
305 verbose unbuild node_modules/.staging/mongoose-unique-validator-7f12e597
306 verbose unbuild node_modules/.staging/passport-local-df8fe04e
307 verbose unbuild node_modules/.staging/passport-local-mongoose-d5a8d71f
308 silly gentlyRm /Users/Vuko/MT-Backend/node_modules/.staging/async-1585b914 is being purged from base /Users/Vuko/MT-Backend
309 verbose gentlyRm don't care about contents; nuking /Users/Vuko/MT-Backend/node_modules/.staging/async-1585b914
310 silly gentlyRm /Users/Vuko/MT-Backend/node_modules/.staging/mongodb-core-ee3390aa is being purged from base /Users/Vuko/MT-Backend
311 verbose gentlyRm don't care about contents; nuking /Users/Vuko/MT-Backend/node_modules/.staging/mongodb-core-ee3390aa
312 silly gentlyRm /Users/Vuko/MT-Backend/node_modules/.staging/mongodb-6750eba3 is being purged from base /Users/Vuko/MT-Backend
313 verbose gentlyRm don't care about contents; nuking /Users/Vuko/MT-Backend/node_modules/.staging/mongodb-6750eba3
314 silly gentlyRm /Users/Vuko/MT-Backend/node_modules/.staging/mongoose-0b681753 is being purged from base /Users/Vuko/MT-Backend
315 verbose gentlyRm don't care about contents; nuking /Users/Vuko/MT-Backend/node_modules/.staging/mongoose-0b681753
316 verbose tar unpack /Users/Vuko/.npm/async/1.5.2/package.tgz
317 verbose tar unpacking to /Users/Vuko/MT-Backend/node_modules/.staging/async-1585b914
318 silly gentlyRm /Users/Vuko/MT-Backend/node_modules/.staging/async-1585b914 is being purged
319 verbose gentlyRm don't care about contents; nuking /Users/Vuko/MT-Backend/node_modules/.staging/async-1585b914
320 silly gentlyRm /Users/Vuko/MT-Backend/node_modules/.staging/passport-78b00062 is being purged from base /Users/Vuko/MT-Backend
321 verbose gentlyRm don't care about contents; nuking /Users/Vuko/MT-Backend/node_modules/.staging/passport-78b00062
322 silly gentlyRm /Users/Vuko/MT-Backend/node_modules/.staging/mongoose-unique-validator-7f12e597 is being purged from base /Users/Vuko/MT-Backend
323 verbose gentlyRm don't care about contents; nuking /Users/Vuko/MT-Backend/node_modules/.staging/mongoose-unique-validator-7f12e597
324 silly gentlyRm /Users/Vuko/MT-Backend/node_modules/.staging/passport-local-df8fe04e is being purged from base /Users/Vuko/MT-Backend
325 verbose gentlyRm don't care about contents; nuking /Users/Vuko/MT-Backend/node_modules/.staging/passport-local-df8fe04e
326 verbose tar unpack /Users/Vuko/.npm/mongodb-core/1.3.18/package.tgz
327 verbose tar unpacking to /Users/Vuko/MT-Backend/node_modules/.staging/mongodb-core-ee3390aa
328 silly gentlyRm /Users/Vuko/MT-Backend/node_modules/.staging/mongodb-core-ee3390aa is being purged
329 verbose gentlyRm don't care about contents; nuking /Users/Vuko/MT-Backend/node_modules/.staging/mongodb-core-ee3390aa
330 silly gentlyRm /Users/Vuko/MT-Backend/node_modules/.staging/passport-local-mongoose-d5a8d71f is being purged from base /Users/Vuko/MT-Backend
331 verbose gentlyRm don't care about contents; nuking /Users/Vuko/MT-Backend/node_modules/.staging/passport-local-mongoose-d5a8d71f
332 verbose tar unpack /Users/Vuko/.npm/mongodb/2.1.18/package.tgz
333 verbose tar unpacking to /Users/Vuko/MT-Backend/node_modules/.staging/mongodb-6750eba3
334 silly gentlyRm /Users/Vuko/MT-Backend/node_modules/.staging/mongodb-6750eba3 is being purged
335 verbose gentlyRm don't care about contents; nuking /Users/Vuko/MT-Backend/node_modules/.staging/mongodb-6750eba3
336 verbose tar unpack /Users/Vuko/.npm/mongoose/4.4.14/package.tgz
337 verbose tar unpacking to /Users/Vuko/MT-Backend/node_modules/.staging/mongoose-0b681753
338 silly gentlyRm /Users/Vuko/MT-Backend/node_modules/.staging/mongoose-0b681753 is being purged
339 verbose gentlyRm don't care about contents; nuking /Users/Vuko/MT-Backend/node_modules/.staging/mongoose-0b681753
340 silly gunzTarPerm modes [ '755', '644' ]
341 verbose tar unpack /Users/Vuko/.npm/passport/0.3.2/package.tgz
342 verbose tar unpacking to /Users/Vuko/MT-Backend/node_modules/.staging/passport-78b00062
343 silly gentlyRm /Users/Vuko/MT-Backend/node_modules/.staging/passport-78b00062 is being purged
344 verbose gentlyRm don't care about contents; nuking /Users/Vuko/MT-Backend/node_modules/.staging/passport-78b00062
345 verbose tar unpack /Users/Vuko/.npm/mongoose-unique-validator/1.0.2/package.tgz
346 verbose tar unpacking to /Users/Vuko/MT-Backend/node_modules/.staging/mongoose-unique-validator-7f12e597
347 silly gentlyRm /Users/Vuko/MT-Backend/node_modules/.staging/mongoose-unique-validator-7f12e597 is being purged
348 verbose gentlyRm don't care about contents; nuking /Users/Vuko/MT-Backend/node_modules/.staging/mongoose-unique-validator-7f12e597
349 verbose tar unpack /Users/Vuko/.npm/passport-local/1.0.0/package.tgz
350 verbose tar unpacking to /Users/Vuko/MT-Backend/node_modules/.staging/passport-local-df8fe04e
351 silly gentlyRm /Users/Vuko/MT-Backend/node_modules/.staging/passport-local-df8fe04e is being purged
352 verbose gentlyRm don't care about contents; nuking /Users/Vuko/MT-Backend/node_modules/.staging/passport-local-df8fe04e
353 silly gunzTarPerm modes [ '755', '644' ]
354 verbose tar unpack /Users/Vuko/.npm/passport-local-mongoose/4.0.0/package.tgz
355 verbose tar unpacking to /Users/Vuko/MT-Backend/node_modules/.staging/passport-local-mongoose-d5a8d71f
356 silly gentlyRm /Users/Vuko/MT-Backend/node_modules/.staging/passport-local-mongoose-d5a8d71f is being purged
357 verbose gentlyRm don't care about contents; nuking /Users/Vuko/MT-Backend/node_modules/.staging/passport-local-mongoose-d5a8d71f
358 silly gunzTarPerm modes [ '755', '644' ]
359 silly gunzTarPerm modes [ '755', '644' ]
360 silly gunzTarPerm modes [ '755', '644' ]
361 silly gunzTarPerm modes [ '755', '644' ]
362 silly gunzTarPerm modes [ '755', '644' ]
363 silly gunzTarPerm modes [ '755', '644' ]
364 silly gunzTarPerm extractEntry package.json
365 silly gunzTarPerm modified mode [ 'package.json', 436, 420 ]
366 silly gunzTarPerm extractEntry package.json
367 silly gunzTarPerm extractEntry package.json
368 silly gunzTarPerm modified mode [ 'package.json', 436, 420 ]
369 silly gunzTarPerm extractEntry package.json
370 silly gunzTarPerm extractEntry package.json
371 silly gunzTarPerm extractEntry package.json
372 silly gunzTarPerm extractEntry package.json
373 silly gunzTarPerm extractEntry package.json
374 silly gunzTarPerm modified mode [ 'package.json', 438, 420 ]
375 silly gunzTarPerm extractEntry README.md
376 silly gunzTarPerm modified mode [ 'README.md', 436, 420 ]
377 silly gunzTarPerm extractEntry LICENSE
378 silly gunzTarPerm extractEntry index.js
379 silly gunzTarPerm extractEntry .npmignore
380 silly gunzTarPerm modified mode [ '.npmignore', 436, 420 ]
381 silly gunzTarPerm extractEntry README.md
382 silly gunzTarPerm modified mode [ 'README.md', 436, 420 ]
383 silly gunzTarPerm extractEntry LICENSE
384 silly gunzTarPerm extractEntry index.js
385 silly gunzTarPerm extractEntry LICENSE
386 silly gunzTarPerm modified mode [ 'LICENSE', 436, 420 ]
387 silly gunzTarPerm extractEntry LICENSE
388 silly gunzTarPerm extractEntry lib/authenticator.js
389 silly gunzTarPerm extractEntry README.md
390 silly gunzTarPerm extractEntry LICENSE
391 silly gunzTarPerm extractEntry .npmignore
392 silly gunzTarPerm extractEntry README.md
393 silly gunzTarPerm extractEntry .npmignore
394 silly gunzTarPerm modified mode [ '.npmignore', 438, 420 ]
395 silly gunzTarPerm extractEntry README.md
396 silly gunzTarPerm modified mode [ 'README.md', 438, 420 ]
397 silly gunzTarPerm extractEntry CHANGELOG.md
398 silly gunzTarPerm modified mode [ 'CHANGELOG.md', 436, 420 ]
399 silly gunzTarPerm extractEntry dist/async.js
400 silly gunzTarPerm modified mode [ 'dist/async.js', 436, 420 ]
401 silly gunzTarPerm extractEntry dist/async.min.js
402 silly gunzTarPerm modified mode [ 'dist/async.min.js', 436, 420 ]
403 silly gunzTarPerm extractEntry HISTORY.md
404 silly gunzTarPerm extractEntry website.js
405 silly gunzTarPerm modified mode [ 'website.js', 436, 420 ]
406 silly gunzTarPerm extractEntry index.js
407 silly gunzTarPerm modified mode [ 'index.js', 436, 420 ]
408 silly gunzTarPerm extractEntry test.js
409 silly gunzTarPerm extractEntry Makefile
410 silly gunzTarPerm extractEntry lib/index.js
411 silly gunzTarPerm extractEntry lib/index.js
412 silly gunzTarPerm extractEntry lib/strategy.js
413 silly gunzTarPerm extractEntry index.js
414 silly gunzTarPerm extractEntry CONTRIBUTING.md
415 silly gunzTarPerm extractEntry index.js
416 silly gunzTarPerm modified mode [ 'index.js', 438, 420 ]
417 silly gunzTarPerm extractEntry release.js
418 silly gunzTarPerm modified mode [ 'release.js', 438, 420 ]
419 silly gunzTarPerm extractEntry CHANGELOG.md
420 silly gunzTarPerm modified mode [ 'CHANGELOG.md', 438, 420 ]
421 silly gunzTarPerm extractEntry LICENSE.md
422 silly gunzTarPerm modified mode [ 'LICENSE.md', 438, 420 ]
423 silly gunzTarPerm extractEntry lib/errors.js
424 silly gunzTarPerm modified mode [ 'lib/errors.js', 438, 420 ]
425 silly gunzTarPerm extractEntry .editorconfig
426 silly gunzTarPerm modified mode [ '.editorconfig', 438, 420 ]
427 silly gunzTarPerm extractEntry lib/async.js
428 silly gunzTarPerm modified mode [ 'lib/async.js', 436, 420 ]
429 silly gunzTarPerm extractEntry static.js
430 silly gunzTarPerm modified mode [ 'static.js', 436, 420 ]
431 silly gunzTarPerm extractEntry .eslintrc.yml
432 silly gunzTarPerm modified mode [ '.eslintrc.yml', 436, 420 ]
433 silly gunzTarPerm extractEntry CHANGELOG.md
434 silly gunzTarPerm extractEntry .eslintrc
435 silly gunzTarPerm extractEntry lib/errors/authenticationerror.js
436 silly gunzTarPerm extractEntry lib/framework/connect.js
437 silly gunzTarPerm extractEntry TESTING.md
438 silly gunzTarPerm extractEntry .coveralls.yml
439 silly gunzTarPerm extractEntry Makefile
440 silly gunzTarPerm extractEntry conf.json
441 silly gunzTarPerm extractEntry lib/utils.js
442 silly gunzTarPerm extractEntry .eslintignore
443 silly gunzTarPerm modified mode [ '.eslintignore', 436, 420 ]
444 silly gunzTarPerm extractEntry .travis.yml
445 silly gunzTarPerm modified mode [ '.travis.yml', 436, 420 ]
446 silly gunzTarPerm extractEntry .editorconfig
447 silly gunzTarPerm extractEntry conf.json
448 silly gunzTarPerm extractEntry lib/cursor.js
449 silly gunzTarPerm extractEntry lib/error.js
450 silly gunzTarPerm extractEntry .coveralls.yml
451 silly gunzTarPerm extractEntry lib/admin.js
452 silly gunzTarPerm extractEntry lib/auth/gssapi.js
453 silly gunzTarPerm extractEntry lib/http/request.js
454 silly gunzTarPerm extractEntry lib/middleware/authenticate.js
455 silly gunzTarPerm extractEntry lib/ES6Promise.js
456 silly gunzTarPerm modified mode [ 'lib/ES6Promise.js', 436, 420 ]
457 silly gunzTarPerm extractEntry lib/document.js
458 silly gunzTarPerm modified mode [ 'lib/document.js', 436, 420 ]
459 silly gunzTarPerm extractEntry .travis.yml
460 silly gunzTarPerm extractEntry test/helpers.js
461 silly gunzTarPerm extractEntry lib/command_cursor.js
462 silly gunzTarPerm extractEntry lib/cursor.js
463 silly gunzTarPerm extractEntry lib/middleware/initialize.js
464 silly gunzTarPerm extractEntry lib/strategies/session.js
465 silly gunzTarPerm extractEntry lib/auth/mongocr.js
466 silly gunzTarPerm extractEntry lib/auth/plain.js
467 silly gunzTarPerm extractEntry lib/document_provider.js
468 silly gunzTarPerm modified mode [ 'lib/document_provider.js', 436, 420 ]
469 silly gunzTarPerm extractEntry lib/utils.js
470 silly gunzTarPerm modified mode [ 'lib/utils.js', 436, 420 ]
471 silly gunzTarPerm extractEntry lib/db.js
472 silly gunzTarPerm extractEntry lib/collection.js
473 silly gunzTarPerm extractEntry test/index.spec.js
474 silly gunzTarPerm extractEntry test/tests/messages.spec.js
475 silly gunzTarPerm extractEntry lib/auth/scram.js
476 silly gunzTarPerm extractEntry lib/auth/sspi.js
477 silly gunzTarPerm extractEntry lib/statemachine.js
478 silly gunzTarPerm modified mode [ 'lib/statemachine.js', 436, 420 ]
479 silly gunzTarPerm extractEntry lib/connectionstate.js
480 silly gunzTarPerm modified mode [ 'lib/connectionstate.js', 436, 420 ]
481 silly gunzTarPerm extractEntry test/tests/validation.spec.js
482 silly gunzTarPerm extractEntry lib/auth/x509.js
483 silly gunzTarPerm extractEntry lib/connection/commands.js
484 silly gunzTarPerm extractEntry lib/aggregation_cursor.js
485 silly gunzTarPerm extractEntry lib/metadata.js
486 silly gunzTarPerm extractEntry lib/mongo_client.js
487 silly gunzTarPerm extractEntry lib/mongos.js
488 silly gunzTarPerm extractEntry lib/connection/connection.js
489 silly gunzTarPerm extractEntry lib/connection/logger.js
490 silly gunzTarPerm extractEntry lib/index.js
491 silly gunzTarPerm modified mode [ 'lib/index.js', 436, 420 ]
492 silly gunzTarPerm extractEntry lib/aggregate.js
493 silly gunzTarPerm modified mode [ 'lib/aggregate.js', 436, 420 ]
494 silly gunzTarPerm extractEntry lib/read_preference.js
495 silly gentlyRm /Users/Vuko/MT-Backend/node_modules/.staging/passport-local-df8fe04e/node_modules is being purged
496 verbose gentlyRm don't care about contents; nuking /Users/Vuko/MT-Backend/node_modules/.staging/passport-local-df8fe04e/node_modules
497 silly gunzTarPerm extractEntry lib/connection/pool.js
498 silly gunzTarPerm extractEntry lib/connection/utils.js
499 silly gunzTarPerm extractEntry lib/tools/smoke_plugin.js
500 silly gunzTarPerm extractEntry lib/model.js
501 silly gunzTarPerm modified mode [ 'lib/model.js', 436, 420 ]
502 silly gunzTarPerm extractEntry lib/promise.js
503 silly gunzTarPerm modified mode [ 'lib/promise.js', 436, 420 ]
504 silly gunzTarPerm extractEntry lib/topologies/command_result.js
505 silly gunzTarPerm extractEntry lib/url_parser.js
506 silly gunzTarPerm extractEntry lib/replset.js
507 silly gunzTarPerm extractEntry lib/promise_provider.js
508 silly gunzTarPerm modified mode [ 'lib/promise_provider.js', 436, 420 ]
509 silly gunzTarPerm extractEntry lib/connection.js
510 silly gunzTarPerm modified mode [ 'lib/connection.js', 436, 420 ]
511 silly gunzTarPerm extractEntry lib/topologies/mongos.js
512 silly gunzTarPerm extractEntry lib/topologies/read_preference.js
513 silly gunzTarPerm extractEntry lib/apm.js
514 silly gunzTarPerm extractEntry lib/server.js
515 silly gunzTarPerm extractEntry lib/topology_base.js
516 silly gunzTarPerm extractEntry lib/utils.js
517 silly gunzTarPerm extractEntry lib/query.js
518 silly gunzTarPerm modified mode [ 'lib/query.js', 436, 420 ]
519 silly gunzTarPerm extractEntry lib/collection.js
520 silly gunzTarPerm modified mode [ 'lib/collection.js', 436, 420 ]
521 silly gunzTarPerm extractEntry lib/queryhelpers.js
522 silly gunzTarPerm modified mode [ 'lib/queryhelpers.js', 436, 420 ]
523 silly gunzTarPerm extractEntry lib/topologies/replset.js
524 silly gunzTarPerm extractEntry lib/topologies/replset_state.js
525 silly gunzTarPerm extractEntry lib/cast.js
526 silly gunzTarPerm modified mode [ 'lib/cast.js', 436, 420 ]
527 silly gentlyRm /Users/Vuko/MT-Backend/node_modules/.staging/async-1585b914/node_modules is being purged
528 verbose gentlyRm don't care about contents; nuking /Users/Vuko/MT-Backend/node_modules/.staging/async-1585b914/node_modules
529 silly gunzTarPerm extractEntry lib/querystream.js
530 silly gunzTarPerm modified mode [ 'lib/querystream.js', 436, 420 ]
531 silly gunzTarPerm extractEntry lib/gridfs/chunk.js
532 silly gunzTarPerm extractEntry lib/gridfs/grid_store.js
533 silly gunzTarPerm extractEntry lib/bulk/common.js
534 silly gentlyRm /Users/Vuko/MT-Backend/node_modules/.staging/passport-local-mongoose-d5a8d71f/node_modules is being purged
535 verbose gentlyRm don't care about contents; nuking /Users/Vuko/MT-Backend/node_modules/.staging/passport-local-mongoose-d5a8d71f/node_modules
536 silly gunzTarPerm extractEntry lib/bulk/ordered.js
537 silly gunzTarPerm extractEntry lib/bulk/unordered.js
538 silly gunzTarPerm extractEntry lib/topologies/server.js
539 silly gunzTarPerm extractEntry lib/topologies/session.js
540 silly gunzTarPerm extractEntry lib/gridfs-stream/download.js
541 silly gentlyRm /Users/Vuko/MT-Backend/node_modules/.staging/passport-78b00062/node_modules is being purged
542 verbose gentlyRm don't care about contents; nuking /Users/Vuko/MT-Backend/node_modules/.staging/passport-78b00062/node_modules
543 silly gunzTarPerm extractEntry lib/browserDocument.js
544 silly gunzTarPerm modified mode [ 'lib/browserDocument.js', 436, 420 ]
545 silly gunzTarPerm extractEntry lib/schematype.js
546 silly gunzTarPerm modified mode [ 'lib/schematype.js', 436, 420 ]
547 silly gunzTarPerm extractEntry lib/gridfs-stream/index.js
548 silly gunzTarPerm extractEntry lib/topologies/strategies/ping.js
549 silly gunzTarPerm extractEntry lib/browser.js
550 silly gunzTarPerm modified mode [ 'lib/browser.js', 436, 420 ]
551 silly gunzTarPerm extractEntry lib/schema.js
552 silly gunzTarPerm modified mode [ 'lib/schema.js', 436, 420 ]
553 silly gunzTarPerm extractEntry lib/error.js
554 silly gunzTarPerm modified mode [ 'lib/error.js', 436, 420 ]
555 silly gunzTarPerm extractEntry lib/gridfs-stream/upload.js
556 silly gunzTarPerm extractEntry HISTORY.md
557 silly gunzTarPerm extractEntry lib/wireprotocol/2_4_support.js
558 silly gunzTarPerm extractEntry lib/wireprotocol/2_6_support.js
559 silly gunzTarPerm extractEntry lib/virtualtype.js
560 silly gunzTarPerm modified mode [ 'lib/virtualtype.js', 436, 420 ]
561 silly gunzTarPerm extractEntry lib/internal.js
562 silly gunzTarPerm modified mode [ 'lib/internal.js', 436, 420 ]
563 silly gunzTarPerm extractEntry lib/wireprotocol/3_2_support.js
564 silly gunzTarPerm extractEntry lib/wireprotocol/commands.js
565 silly gentlyRm /Users/Vuko/MT-Backend/node_modules/.staging/mongoose-unique-validator-7f12e597/node_modules is being purged
566 verbose gentlyRm don't care about contents; nuking /Users/Vuko/MT-Backend/node_modules/.staging/mongoose-unique-validator-7f12e597/node_modules
567 silly gunzTarPerm extractEntry lib/schema/array.js
568 silly gunzTarPerm modified mode [ 'lib/schema/array.js', 436, 420 ]
569 silly gunzTarPerm extractEntry lib/schema/buffer.js
570 silly gunzTarPerm modified mode [ 'lib/schema/buffer.js', 436, 420 ]
571 silly gunzTarPerm extractEntry lib/wireprotocol/shared.js
572 silly gunzTarPerm extractEntry simple_2_document_limit_toArray.dat
573 silly gunzTarPerm extractEntry lib/schema/date.js
574 silly gunzTarPerm modified mode [ 'lib/schema/date.js', 436, 420 ]
575 silly gunzTarPerm extractEntry lib/schema/documentarray.js
576 silly gunzTarPerm modified mode [ 'lib/schema/documentarray.js', 436, 420 ]
577 silly gunzTarPerm extractEntry lib/schema/embedded.js
578 silly gunzTarPerm modified mode [ 'lib/schema/embedded.js', 436, 420 ]
579 silly gunzTarPerm extractEntry lib/schema/boolean.js
580 silly gunzTarPerm modified mode [ 'lib/schema/boolean.js', 436, 420 ]
581 silly gunzTarPerm extractEntry lib/schema/mixed.js
582 silly gunzTarPerm modified mode [ 'lib/schema/mixed.js', 436, 420 ]
583 silly gunzTarPerm extractEntry lib/schema/number.js
584 silly gunzTarPerm modified mode [ 'lib/schema/number.js', 436, 420 ]
585 silly gunzTarPerm extractEntry lib/schema/objectid.js
586 silly gunzTarPerm modified mode [ 'lib/schema/objectid.js', 436, 420 ]
587 silly gunzTarPerm extractEntry lib/schema/string.js
588 silly gunzTarPerm modified mode [ 'lib/schema/string.js', 436, 420 ]
589 silly gunzTarPerm extractEntry lib/schema/index.js
590 silly gunzTarPerm modified mode [ 'lib/schema/index.js', 436, 420 ]
591 silly gunzTarPerm extractEntry lib/schema/operators/bitwise.js
592 silly gunzTarPerm modified mode [ 'lib/schema/operators/bitwise.js', 436, 420 ]
593 silly gunzTarPerm extractEntry lib/schema/operators/geospatial.js
594 silly gunzTarPerm modified mode [ 'lib/schema/operators/geospatial.js', 436, 420 ]
595 silly gunzTarPerm extractEntry lib/schema/operators/helpers.js
596 silly gunzTarPerm modified mode [ 'lib/schema/operators/helpers.js', 436, 420 ]
597 silly gunzTarPerm extractEntry lib/services/common.js
598 silly gunzTarPerm modified mode [ 'lib/services/common.js', 436, 420 ]
599 silly gunzTarPerm extractEntry lib/services/setDefaultsOnInsert.js
600 silly gunzTarPerm modified mode [ 'lib/services/setDefaultsOnInsert.js', 436, 420 ]
601 silly gunzTarPerm extractEntry lib/services/updateValidators.js
602 silly gunzTarPerm modified mode [ 'lib/services/updateValidators.js', 436, 420 ]
603 silly gunzTarPerm extractEntry lib/error/browserMissingSchema.js
604 silly gunzTarPerm modified mode [ 'lib/error/browserMissingSchema.js', 436, 420 ]
605 silly gunzTarPerm extractEntry lib/error/divergentArray.js
606 silly gunzTarPerm modified mode [ 'lib/error/divergentArray.js', 436, 420 ]
607 silly gunzTarPerm extractEntry lib/error/messages.js
608 silly gunzTarPerm modified mode [ 'lib/error/messages.js', 436, 420 ]
609 silly gunzTarPerm extractEntry lib/error/missingSchema.js
610 silly gunzTarPerm modified mode [ 'lib/error/missingSchema.js', 436, 420 ]
611 silly gunzTarPerm extractEntry lib/error/cast.js
612 silly gunzTarPerm modified mode [ 'lib/error/cast.js', 436, 420 ]
613 silly gunzTarPerm extractEntry lib/error/overwriteModel.js
614 silly gunzTarPerm modified mode [ 'lib/error/overwriteModel.js', 436, 420 ]
615 silly gunzTarPerm extractEntry lib/error/strict.js
616 silly gunzTarPerm modified mode [ 'lib/error/strict.js', 436, 420 ]
617 silly gunzTarPerm extractEntry lib/error/validation.js
618 silly gunzTarPerm modified mode [ 'lib/error/validation.js', 436, 420 ]
619 silly gunzTarPerm extractEntry lib/error/validator.js
620 silly gunzTarPerm modified mode [ 'lib/error/validator.js', 436, 420 ]
621 silly gunzTarPerm extractEntry lib/error/version.js
622 silly gunzTarPerm modified mode [ 'lib/error/version.js', 436, 420 ]
623 silly gunzTarPerm extractEntry lib/error/objectExpected.js
624 silly gunzTarPerm modified mode [ 'lib/error/objectExpected.js', 436, 420 ]
625 silly gunzTarPerm extractEntry lib/types/array.js
626 silly gunzTarPerm modified mode [ 'lib/types/array.js', 436, 420 ]
627 silly gunzTarPerm extractEntry lib/types/buffer.js
628 silly gunzTarPerm modified mode [ 'lib/types/buffer.js', 436, 420 ]
629 silly gunzTarPerm extractEntry lib/types/documentarray.js
630 silly gunzTarPerm modified mode [ 'lib/types/documentarray.js', 436, 420 ]
631 silly gunzTarPerm extractEntry lib/types/embedded.js
632 silly gunzTarPerm modified mode [ 'lib/types/embedded.js', 436, 420 ]
633 silly gunzTarPerm extractEntry lib/types/index.js
634 silly gunzTarPerm modified mode [ 'lib/types/index.js', 436, 420 ]
635 silly gunzTarPerm extractEntry lib/types/objectid.js
636 silly gunzTarPerm modified mode [ 'lib/types/objectid.js', 436, 420 ]
637 silly gunzTarPerm extractEntry lib/types/subdocument.js
638 silly gunzTarPerm modified mode [ 'lib/types/subdocument.js', 436, 420 ]
639 silly gunzTarPerm extractEntry lib/drivers/index.js
640 silly gunzTarPerm modified mode [ 'lib/drivers/index.js', 436, 420 ]
641 silly gunzTarPerm extractEntry lib/drivers/SPEC.md
642 silly gunzTarPerm modified mode [ 'lib/drivers/SPEC.md', 436, 420 ]
643 silly gunzTarPerm extractEntry lib/drivers/browser/ReadPreference.js
644 silly gunzTarPerm modified mode [ 'lib/drivers/browser/ReadPreference.js', 436, 420 ]
645 silly gunzTarPerm extractEntry lib/drivers/browser/binary.js
646 silly gunzTarPerm modified mode [ 'lib/drivers/browser/binary.js', 436, 420 ]
647 silly gunzTarPerm extractEntry lib/drivers/browser/index.js
648 silly gunzTarPerm modified mode [ 'lib/drivers/browser/index.js', 436, 420 ]
649 silly gunzTarPerm extractEntry lib/drivers/browser/objectid.js
650 silly gunzTarPerm modified mode [ 'lib/drivers/browser/objectid.js', 436, 420 ]
651 silly gunzTarPerm extractEntry lib/drivers/node-mongodb-native/ReadPreference.js
652 silly gunzTarPerm modified mode [ 'lib/drivers/node-mongodb-native/ReadPreference.js', 436, 420 ]
653 silly gunzTarPerm extractEntry lib/drivers/node-mongodb-native/binary.js
654 silly gunzTarPerm modified mode [ 'lib/drivers/node-mongodb-native/binary.js', 436, 420 ]
655 silly gunzTarPerm extractEntry lib/drivers/node-mongodb-native/collection.js
656 silly gunzTarPerm modified mode [ 'lib/drivers/node-mongodb-native/collection.js', 436, 420 ]
657 silly gunzTarPerm extractEntry lib/drivers/node-mongodb-native/connection.js
658 silly gunzTarPerm modified mode [ 'lib/drivers/node-mongodb-native/connection.js', 436, 420 ]
659 silly gunzTarPerm extractEntry lib/drivers/node-mongodb-native/index.js
660 silly gunzTarPerm modified mode [ 'lib/drivers/node-mongodb-native/index.js', 436, 420 ]
661 silly gunzTarPerm extractEntry lib/drivers/node-mongodb-native/objectid.js
662 silly gunzTarPerm modified mode [ 'lib/drivers/node-mongodb-native/objectid.js', 436, 420 ]
663 silly gunzTarPerm extractEntry CONTRIBUTING.md
664 silly gunzTarPerm modified mode [ 'CONTRIBUTING.md', 436, 420 ]
665 silly gunzTarPerm extractEntry release-items.md
666 silly gunzTarPerm modified mode [ 'release-items.md', 436, 420 ]
667 silly gunzTarPerm extractEntry History.md
668 silly gunzTarPerm modified mode [ 'History.md', 436, 420 ]
669 silly gunzTarPerm extractEntry examples/README.md
670 silly gunzTarPerm modified mode [ 'examples/README.md', 436, 420 ]
671 silly gunzTarPerm extractEntry examples/doc-methods.js
672 silly gunzTarPerm modified mode [ 'examples/doc-methods.js', 436, 420 ]
673 silly gunzTarPerm extractEntry examples/statics/person.js
674 silly gunzTarPerm modified mode [ 'examples/statics/person.js', 436, 420 ]
675 silly gunzTarPerm extractEntry examples/statics/statics.js
676 silly gunzTarPerm modified mode [ 'examples/statics/statics.js', 436, 420 ]
677 silly gunzTarPerm extractEntry examples/express/README.md
678 silly gunzTarPerm modified mode [ 'examples/express/README.md', 436, 420 ]
679 silly gunzTarPerm extractEntry examples/express/connection-sharing/package.json
680 silly gunzTarPerm modified mode [ 'examples/express/connection-sharing/package.json', 436, 420 ]
681 silly gunzTarPerm extractEntry examples/express/connection-sharing/README.md
682 silly gunzTarPerm modified mode [ 'examples/express/connection-sharing/README.md', 436, 420 ]
683 silly gunzTarPerm extractEntry examples/express/connection-sharing/app.js
684 silly gunzTarPerm modified mode [ 'examples/express/connection-sharing/app.js', 436, 420 ]
685 silly gunzTarPerm extractEntry examples/express/connection-sharing/modelA.js
686 silly gunzTarPerm modified mode [ 'examples/express/connection-sharing/modelA.js', 436, 420 ]
687 silly gunzTarPerm extractEntry examples/express/connection-sharing/routes.js
688 silly gunzTarPerm modified mode [ 'examples/express/connection-sharing/routes.js', 436, 420 ]
689 silly gentlyRm /Users/Vuko/MT-Backend/node_modules/.staging/mongodb-6750eba3/node_modules is being purged
690 verbose gentlyRm don't care about contents; nuking /Users/Vuko/MT-Backend/node_modules/.staging/mongodb-6750eba3/node_modules
691 silly gunzTarPerm extractEntry examples/geospatial/package.json
692 silly gunzTarPerm modified mode [ 'examples/geospatial/package.json', 436, 420 ]
693 silly gunzTarPerm extractEntry examples/geospatial/geoJSONSchema.js
694 silly gunzTarPerm modified mode [ 'examples/geospatial/geoJSONSchema.js', 436, 420 ]
695 silly gunzTarPerm extractEntry examples/geospatial/geoJSONexample.js
696 silly gunzTarPerm modified mode [ 'examples/geospatial/geoJSONexample.js', 436, 420 ]
697 silly gunzTarPerm extractEntry examples/geospatial/geospatial.js
698 silly gunzTarPerm modified mode [ 'examples/geospatial/geospatial.js', 436, 420 ]
699 silly gunzTarPerm extractEntry examples/geospatial/person.js
700 silly gunzTarPerm modified mode [ 'examples/geospatial/person.js', 436, 420 ]
701 silly gunzTarPerm extractEntry examples/globalschemas/gs_example.js
702 silly gunzTarPerm modified mode [ 'examples/globalschemas/gs_example.js', 436, 420 ]
703 silly gentlyRm /Users/Vuko/MT-Backend/node_modules/.staging/mongodb-core-ee3390aa/node_modules is being purged
704 verbose gentlyRm don't care about contents; nuking /Users/Vuko/MT-Backend/node_modules/.staging/mongodb-core-ee3390aa/node_modules
705 silly gunzTarPerm extractEntry examples/globalschemas/person.js
706 silly gunzTarPerm modified mode [ 'examples/globalschemas/person.js', 436, 420 ]
707 silly gunzTarPerm extractEntry examples/lean/package.json
708 silly gunzTarPerm modified mode [ 'examples/lean/package.json', 436, 420 ]
709 silly gunzTarPerm extractEntry examples/lean/lean.js
710 silly gunzTarPerm modified mode [ 'examples/lean/lean.js', 436, 420 ]
711 silly gunzTarPerm extractEntry examples/lean/person.js
712 silly gunzTarPerm modified mode [ 'examples/lean/person.js', 436, 420 ]
713 silly gunzTarPerm extractEntry examples/aggregate/package.json
714 silly gunzTarPerm modified mode [ 'examples/aggregate/package.json', 436, 420 ]
715 silly gunzTarPerm extractEntry examples/aggregate/aggregate.js
716 silly gunzTarPerm modified mode [ 'examples/aggregate/aggregate.js', 436, 420 ]
717 silly gunzTarPerm extractEntry examples/aggregate/person.js
718 silly gunzTarPerm modified mode [ 'examples/aggregate/person.js', 436, 420 ]
719 silly gunzTarPerm extractEntry examples/population/population-across-three-collections.js
720 silly gunzTarPerm modified mode [ 'examples/population/population-across-three-collections.js',
720 silly gunzTarPerm   436,
720 silly gunzTarPerm   420 ]
721 silly gunzTarPerm extractEntry examples/population/population-basic.js
722 silly gunzTarPerm modified mode [ 'examples/population/population-basic.js', 436, 420 ]
723 silly gunzTarPerm extractEntry examples/population/population-of-existing-doc.js
724 silly gunzTarPerm modified mode [ 'examples/population/population-of-existing-doc.js', 436, 420 ]
725 silly gunzTarPerm extractEntry examples/population/population-of-multiple-existing-docs.js
726 silly gunzTarPerm modified mode [ 'examples/population/population-of-multiple-existing-docs.js',
726 silly gunzTarPerm   436,
726 silly gunzTarPerm   420 ]
727 silly gunzTarPerm extractEntry examples/population/population-options.js
728 silly gunzTarPerm modified mode [ 'examples/population/population-options.js', 436, 420 ]
729 silly gunzTarPerm extractEntry examples/population/population-plain-objects.js
730 silly gunzTarPerm modified mode [ 'examples/population/population-plain-objects.js', 436, 420 ]
731 silly gunzTarPerm extractEntry examples/promises/package.json
732 silly gunzTarPerm modified mode [ 'examples/promises/package.json', 436, 420 ]
733 silly gunzTarPerm extractEntry examples/promises/person.js
734 silly gunzTarPerm modified mode [ 'examples/promises/person.js', 436, 420 ]
735 silly gunzTarPerm extractEntry examples/promises/promise.js
736 silly gunzTarPerm modified mode [ 'examples/promises/promise.js', 436, 420 ]
737 silly gunzTarPerm extractEntry examples/querybuilder/package.json
738 silly gunzTarPerm modified mode [ 'examples/querybuilder/package.json', 436, 420 ]
739 silly gunzTarPerm extractEntry examples/querybuilder/person.js
740 silly gunzTarPerm modified mode [ 'examples/querybuilder/person.js', 436, 420 ]
741 silly gunzTarPerm extractEntry examples/querybuilder/querybuilder.js
742 silly gunzTarPerm modified mode [ 'examples/querybuilder/querybuilder.js', 436, 420 ]
743 silly gunzTarPerm extractEntry examples/replicasets/package.json
744 silly gunzTarPerm modified mode [ 'examples/replicasets/package.json', 436, 420 ]
745 silly gunzTarPerm extractEntry examples/replicasets/person.js
746 silly gunzTarPerm modified mode [ 'examples/replicasets/person.js', 436, 420 ]
747 silly gunzTarPerm extractEntry examples/replicasets/replica-sets.js
748 silly gunzTarPerm modified mode [ 'examples/replicasets/replica-sets.js', 436, 420 ]
749 silly gunzTarPerm extractEntry examples/schema/schema.js
750 silly gunzTarPerm modified mode [ 'examples/schema/schema.js', 436, 420 ]
751 silly gunzTarPerm extractEntry examples/schema/storing-schemas-as-json/index.js
752 silly gunzTarPerm modified mode [ 'examples/schema/storing-schemas-as-json/index.js', 436, 420 ]
753 silly gunzTarPerm extractEntry examples/schema/storing-schemas-as-json/schema.json
754 silly gunzTarPerm modified mode [ 'examples/schema/storing-schemas-as-json/schema.json',
754 silly gunzTarPerm   436,
754 silly gunzTarPerm   420 ]
755 silly gunzTarPerm extractEntry examples/mapreduce/package.json
756 silly gunzTarPerm modified mode [ 'examples/mapreduce/package.json', 436, 420 ]
757 silly gunzTarPerm extractEntry examples/mapreduce/mapreduce.js
758 silly gunzTarPerm modified mode [ 'examples/mapreduce/mapreduce.js', 436, 420 ]
759 silly gunzTarPerm extractEntry examples/mapreduce/person.js
760 silly gunzTarPerm modified mode [ 'examples/mapreduce/person.js', 436, 420 ]
761 silly gentlyRm /Users/Vuko/MT-Backend/node_modules/.staging/mongoose-0b681753/node_modules is being purged
762 verbose gentlyRm don't care about contents; nuking /Users/Vuko/MT-Backend/node_modules/.staging/mongoose-0b681753/node_modules
763 silly doParallel preinstall 8
764 silly preinstall async@1.5.2 /Users/Vuko/MT-Backend/node_modules/.staging/async-1585b914
765 info lifecycle async@1.5.2~preinstall: async@1.5.2
766 silly preinstall mongodb-core@1.3.18 /Users/Vuko/MT-Backend/node_modules/.staging/mongodb-core-ee3390aa
767 info lifecycle mongodb-core@1.3.18~preinstall: mongodb-core@1.3.18
768 silly preinstall mongodb@2.1.18 /Users/Vuko/MT-Backend/node_modules/.staging/mongodb-6750eba3
769 info lifecycle mongodb@2.1.18~preinstall: mongodb@2.1.18
770 silly preinstall passport-local@1.0.0 /Users/Vuko/MT-Backend/node_modules/.staging/passport-local-df8fe04e
771 info lifecycle passport-local@1.0.0~preinstall: passport-local@1.0.0
772 silly preinstall mongoose@4.4.14 /Users/Vuko/MT-Backend/node_modules/.staging/mongoose-0b681753
773 info lifecycle mongoose@4.4.14~preinstall: mongoose@4.4.14
774 silly preinstall mongoose-unique-validator@1.0.2 /Users/Vuko/MT-Backend/node_modules/.staging/mongoose-unique-validator-7f12e597
775 info lifecycle mongoose-unique-validator@1.0.2~preinstall: mongoose-unique-validator@1.0.2
776 silly preinstall passport@0.3.2 /Users/Vuko/MT-Backend/node_modules/.staging/passport-78b00062
777 info lifecycle passport@0.3.2~preinstall: passport@0.3.2
778 silly preinstall passport-local-mongoose@4.0.0 /Users/Vuko/MT-Backend/node_modules/.staging/passport-local-mongoose-d5a8d71f
779 info lifecycle passport-local-mongoose@4.0.0~preinstall: passport-local-mongoose@4.0.0
780 silly lifecycle async@1.5.2~preinstall: no script for preinstall, continuing
781 silly lifecycle mongodb-core@1.3.18~preinstall: no script for preinstall, continuing
782 silly lifecycle mongodb@2.1.18~preinstall: no script for preinstall, continuing
783 silly lifecycle passport-local@1.0.0~preinstall: no script for preinstall, continuing
784 silly lifecycle mongoose@4.4.14~preinstall: no script for preinstall, continuing
785 silly lifecycle mongoose-unique-validator@1.0.2~preinstall: no script for preinstall, continuing
786 silly lifecycle passport@0.3.2~preinstall: no script for preinstall, continuing
787 silly lifecycle passport-local-mongoose@4.0.0~preinstall: no script for preinstall, continuing
788 silly doReverseSerial remove 0
789 silly doSerial move 0
790 silly doSerial finalize 8
791 silly finalize /Users/Vuko/MT-Backend/node_modules/mongoose/node_modules/async
792 silly finalize /Users/Vuko/MT-Backend/node_modules/mongoose/node_modules/mongodb-core
793 silly finalize /Users/Vuko/MT-Backend/node_modules/mongoose/node_modules/mongodb
794 silly finalize /Users/Vuko/MT-Backend/node_modules/passport-local
795 silly finalize /Users/Vuko/MT-Backend/node_modules/mongoose
796 verbose unlock done using /Users/Vuko/.npm/_locks/staging-7d6f743d79f1975f.lock for /Users/Vuko/MT-Backend/node_modules/.staging
797 silly rollbackFailedOptional Starting
798 silly rollbackFailedOptional Finishing
799 silly runTopLevelLifecycles Starting
800 silly runTopLevelLifecycles Finishing
801 silly install printInstalled
802 verbose stack Error: ENOTEMPTY: directory not empty, rename '/Users/Vuko/MT-Backend/node_modules/mongoose' -> '/Users/Vuko/MT-Backend/node_modules/.mongoose.DELETE'
802 verbose stack     at moveAway (/usr/local/lib/node_modules/npm/lib/install/action/finalize.js:38:5)
802 verbose stack     at destStatted (/usr/local/lib/node_modules/npm/lib/install/action/finalize.js:27:7)
802 verbose stack     at FSReqWrap.oncomplete (fs.js:82:15)
802 verbose stack
802 verbose stack Error: ENOTEMPTY: directory not empty, rename '/Users/Vuko/MT-Backend/node_modules/mongoose' -> '/Users/Vuko/MT-Backend/node_modules/.mongoose.DELETE'
802 verbose stack     at Error (native)
803 verbose cwd /Users/Vuko/MT-Backend
804 error Darwin 15.4.0
805 error argv "/usr/local/bin/node" "/usr/local/bin/npm" "install" "mongoose"
806 error node v5.10.1
807 error npm  v3.8.3
808 error path /Users/Vuko/MT-Backend/node_modules/mongoose
809 error code ENOTEMPTY
810 error errno -66
811 error syscall rename
812 error ENOTEMPTY: directory not empty, rename '/Users/Vuko/MT-Backend/node_modules/mongoose' -> '/Users/Vuko/MT-Backend/node_modules/.mongoose.DELETE'
813 error If you need help, you may report this error at:
813 error     <https://github.com/npm/npm/issues>
814 verbose exit [ -66, true ]
